<?xml version="1.0" encoding="UTF-8"?>
<robot generator="Robot 3.1.2 (Python 3.7.4 on win32)" generated="20200317 22:17:49.332" rpa="false">
<suite id="s1" name="Addlist" source="E:\ปี 3\SoftwareEn\Sprint_3\AddList\addlist.robot">
<test id="s1-t1" name="Open Browser">
<kw name="Open Browser" library="SeleniumLibrary">
<doc>Opens a new browser instance to the optional ``url``.</doc>
<arguments>
<arg>${SERVER}</arg>
<arg>${BROWSER}</arg>
</arguments>
<msg timestamp="20200317 22:17:49.515" level="INFO">Opening browser 'Chrome' to base url 'http://10.199.66.227/SoftEn2020/Sec02/SEP/index.php'.</msg>
<status status="PASS" starttime="20200317 22:17:49.514" endtime="20200317 22:17:57.059"></status>
</kw>
<kw name="Location Should Be" library="SeleniumLibrary">
<doc>Verifies that the current URL is exactly ``url``.</doc>
<arguments>
<arg>${SERVER}</arg>
</arguments>
<msg timestamp="20200317 22:17:57.074" level="INFO">Current location is 'http://10.199.66.227/SoftEn2020/Sec02/SEP/index.php'.</msg>
<status status="PASS" starttime="20200317 22:17:57.060" endtime="20200317 22:17:57.075"></status>
</kw>
<status status="PASS" starttime="20200317 22:17:49.514" endtime="20200317 22:17:57.075" critical="yes"></status>
</test>
<test id="s1-t2" name="Valid Available">
<kw name="Click Element" library="SeleniumLibrary">
<doc>Click the element identified by ``locator``.</doc>
<arguments>
<arg>${ADDBUTTON}</arg>
</arguments>
<msg timestamp="20200317 22:17:57.083" level="INFO">Clicking element 'xpath://*[@id="Add"]'.</msg>
<status status="PASS" starttime="20200317 22:17:57.083" endtime="20200317 22:17:57.976"></status>
</kw>
<kw name="Input Text" library="SeleniumLibrary">
<doc>Types the given ``text`` into the text field identified by ``locator``.</doc>
<arguments>
<arg>${ID}</arg>
<arg>5602100000400</arg>
</arguments>
<msg timestamp="20200317 22:17:57.977" level="INFO">Typing text '5602100000400' into text field 'PID'.</msg>
<status status="PASS" starttime="20200317 22:17:57.977" endtime="20200317 22:17:58.094"></status>
</kw>
<kw name="Input Text" library="SeleniumLibrary">
<doc>Types the given ``text`` into the text field identified by ``locator``.</doc>
<arguments>
<arg>${PNAME}</arg>
<arg>ระบบเครือข่ายคอมพิวเตอร์</arg>
</arguments>
<msg timestamp="20200317 22:17:58.095" level="INFO">Typing text 'ระบบเครือข่ายคอมพิวเตอร์' into text field 'PNAME'.</msg>
<status status="PASS" starttime="20200317 22:17:58.094" endtime="20200317 22:17:58.229"></status>
</kw>
<kw name="Select From List By Value" library="SeleniumLibrary">
<doc>Selects options from selection list ``locator`` by ``values``.</doc>
<arguments>
<arg>${PTYPE}</arg>
<arg>ครุภัณฑ์คอมพิวเตอร์</arg>
</arguments>
<msg timestamp="20200317 22:17:58.230" level="INFO">Selecting options from selection list 'PTYPE' by value ครุภัณฑ์คอมพิวเตอร์.</msg>
<status status="PASS" starttime="20200317 22:17:58.230" endtime="20200317 22:17:58.299"></status>
</kw>
<kw name="Input Text" library="SeleniumLibrary">
<doc>Types the given ``text`` into the text field identified by ``locator``.</doc>
<arguments>
<arg>${DETAIL}</arg>
<arg>-</arg>
</arguments>
<msg timestamp="20200317 22:17:58.299" level="INFO">Typing text '-' into text field 'SPEC'.</msg>
<status status="PASS" starttime="20200317 22:17:58.299" endtime="20200317 22:17:58.373"></status>
</kw>
<kw name="Input Text" library="SeleniumLibrary">
<doc>Types the given ``text`` into the text field identified by ``locator``.</doc>
<arguments>
<arg>${LOC}</arg>
<arg>SC6301</arg>
</arguments>
<msg timestamp="20200317 22:17:58.374" level="INFO">Typing text 'SC6301' into text field 'LOC'.</msg>
<status status="PASS" starttime="20200317 22:17:58.373" endtime="20200317 22:17:58.459"></status>
</kw>
<kw name="Select From List By Value" library="SeleniumLibrary">
<doc>Selects options from selection list ``locator`` by ``values``.</doc>
<arguments>
<arg>${STATUS}</arg>
<arg>Available</arg>
</arguments>
<msg timestamp="20200317 22:17:58.460" level="INFO">Selecting options from selection list 'PSTATUS' by value Available.</msg>
<status status="PASS" starttime="20200317 22:17:58.460" endtime="20200317 22:17:58.525"></status>
</kw>
<kw name="Input Text" library="SeleniumLibrary">
<doc>Types the given ``text`` into the text field identified by ``locator``.</doc>
<arguments>
<arg>${STAFF}</arg>
<arg>Thanapon</arg>
</arguments>
<msg timestamp="20200317 22:17:58.526" level="INFO">Typing text 'Thanapon' into text field 'STAFF'.</msg>
<status status="PASS" starttime="20200317 22:17:58.526" endtime="20200317 22:17:58.614"></status>
</kw>
<kw name="Click Button" library="SeleniumLibrary">
<doc>Clicks the button identified by ``locator``.</doc>
<arguments>
<arg>${SUBMIT}</arg>
</arguments>
<msg timestamp="20200317 22:17:58.615" level="INFO">Clicking button 'btn'.</msg>
<status status="PASS" starttime="20200317 22:17:58.614" endtime="20200317 22:17:58.757"></status>
</kw>
<kw name="Alert Should Be Present" library="SeleniumLibrary">
<doc>Verifies that an alert is present and by default, accepts it.</doc>
<arguments>
<arg>Adding Successful</arg>
</arguments>
<status status="PASS" starttime="20200317 22:17:58.759" endtime="20200317 22:17:58.766"></status>
</kw>
<kw name="Page Should Contain" library="SeleniumLibrary">
<doc>Verifies that current page contains ``text``.</doc>
<arguments>
<arg>5602100000400</arg>
</arguments>
<msg timestamp="20200317 22:17:59.066" level="INFO">Current page contains text '5602100000400'.</msg>
<status status="PASS" starttime="20200317 22:17:58.766" endtime="20200317 22:17:59.066"></status>
</kw>
<status status="PASS" starttime="20200317 22:17:57.082" endtime="20200317 22:17:59.067" critical="yes"></status>
</test>
<test id="s1-t3" name="Valid Unavailable">
<kw name="Click Element" library="SeleniumLibrary">
<doc>Click the element identified by ``locator``.</doc>
<arguments>
<arg>${ADDBUTTON}</arg>
</arguments>
<msg timestamp="20200317 22:17:59.068" level="INFO">Clicking element 'xpath://*[@id="Add"]'.</msg>
<status status="PASS" starttime="20200317 22:17:59.068" endtime="20200317 22:17:59.228"></status>
</kw>
<kw name="Input Text" library="SeleniumLibrary">
<doc>Types the given ``text`` into the text field identified by ``locator``.</doc>
<arguments>
<arg>${ID}</arg>
<arg>5602100000410</arg>
</arguments>
<msg timestamp="20200317 22:17:59.229" level="INFO">Typing text '5602100000410' into text field 'PID'.</msg>
<status status="PASS" starttime="20200317 22:17:59.229" endtime="20200317 22:17:59.328"></status>
</kw>
<kw name="Input Text" library="SeleniumLibrary">
<doc>Types the given ``text`` into the text field identified by ``locator``.</doc>
<arguments>
<arg>${PNAME}</arg>
<arg>ระบบเครือข่ายคอมพิวเตอร์</arg>
</arguments>
<msg timestamp="20200317 22:17:59.328" level="INFO">Typing text 'ระบบเครือข่ายคอมพิวเตอร์' into text field 'PNAME'.</msg>
<status status="PASS" starttime="20200317 22:17:59.328" endtime="20200317 22:17:59.509"></status>
</kw>
<kw name="Select From List By Value" library="SeleniumLibrary">
<doc>Selects options from selection list ``locator`` by ``values``.</doc>
<arguments>
<arg>${PTYPE}</arg>
<arg>ครุภัณฑ์คอมพิวเตอร์</arg>
</arguments>
<msg timestamp="20200317 22:17:59.510" level="INFO">Selecting options from selection list 'PTYPE' by value ครุภัณฑ์คอมพิวเตอร์.</msg>
<status status="PASS" starttime="20200317 22:17:59.510" endtime="20200317 22:17:59.573"></status>
</kw>
<kw name="Input Text" library="SeleniumLibrary">
<doc>Types the given ``text`` into the text field identified by ``locator``.</doc>
<arguments>
<arg>${DETAIL}</arg>
<arg>-</arg>
</arguments>
<msg timestamp="20200317 22:17:59.574" level="INFO">Typing text '-' into text field 'SPEC'.</msg>
<status status="PASS" starttime="20200317 22:17:59.574" endtime="20200317 22:17:59.634"></status>
</kw>
<kw name="Input Text" library="SeleniumLibrary">
<doc>Types the given ``text`` into the text field identified by ``locator``.</doc>
<arguments>
<arg>${LOC}</arg>
<arg>SC6301</arg>
</arguments>
<msg timestamp="20200317 22:17:59.635" level="INFO">Typing text 'SC6301' into text field 'LOC'.</msg>
<status status="PASS" starttime="20200317 22:17:59.635" endtime="20200317 22:17:59.726"></status>
</kw>
<kw name="Select From List By Value" library="SeleniumLibrary">
<doc>Selects options from selection list ``locator`` by ``values``.</doc>
<arguments>
<arg>${STATUS}</arg>
<arg>Unavailable</arg>
</arguments>
<msg timestamp="20200317 22:17:59.727" level="INFO">Selecting options from selection list 'PSTATUS' by value Unavailable.</msg>
<status status="PASS" starttime="20200317 22:17:59.726" endtime="20200317 22:17:59.786"></status>
</kw>
<kw name="Input Text" library="SeleniumLibrary">
<doc>Types the given ``text`` into the text field identified by ``locator``.</doc>
<arguments>
<arg>${STAFF}</arg>
<arg>Thanapon</arg>
</arguments>
<msg timestamp="20200317 22:17:59.787" level="INFO">Typing text 'Thanapon' into text field 'STAFF'.</msg>
<status status="PASS" starttime="20200317 22:17:59.787" endtime="20200317 22:17:59.870"></status>
</kw>
<kw name="Click Button" library="SeleniumLibrary">
<doc>Clicks the button identified by ``locator``.</doc>
<arguments>
<arg>${SUBMIT}</arg>
</arguments>
<msg timestamp="20200317 22:17:59.871" level="INFO">Clicking button 'btn'.</msg>
<status status="PASS" starttime="20200317 22:17:59.870" endtime="20200317 22:18:00.040"></status>
</kw>
<kw name="Alert Should Be Present" library="SeleniumLibrary">
<doc>Verifies that an alert is present and by default, accepts it.</doc>
<arguments>
<arg>Adding Successful</arg>
</arguments>
<status status="PASS" starttime="20200317 22:18:00.041" endtime="20200317 22:18:00.046"></status>
</kw>
<kw name="Page Should Contain" library="SeleniumLibrary">
<doc>Verifies that current page contains ``text``.</doc>
<arguments>
<arg>5602100000410</arg>
</arguments>
<msg timestamp="20200317 22:18:00.273" level="INFO">Current page contains text '5602100000410'.</msg>
<status status="PASS" starttime="20200317 22:18:00.046" endtime="20200317 22:18:00.273"></status>
</kw>
<status status="PASS" starttime="20200317 22:17:59.068" endtime="20200317 22:18:00.273" critical="yes"></status>
</test>
<test id="s1-t4" name="Valid OverDue">
<kw name="Click Element" library="SeleniumLibrary">
<doc>Click the element identified by ``locator``.</doc>
<arguments>
<arg>${ADDBUTTON}</arg>
</arguments>
<msg timestamp="20200317 22:18:00.275" level="INFO">Clicking element 'xpath://*[@id="Add"]'.</msg>
<status status="PASS" starttime="20200317 22:18:00.275" endtime="20200317 22:18:00.458"></status>
</kw>
<kw name="Input Text" library="SeleniumLibrary">
<doc>Types the given ``text`` into the text field identified by ``locator``.</doc>
<arguments>
<arg>${ID}</arg>
<arg>5602100000411</arg>
</arguments>
<msg timestamp="20200317 22:18:00.459" level="INFO">Typing text '5602100000411' into text field 'PID'.</msg>
<status status="PASS" starttime="20200317 22:18:00.459" endtime="20200317 22:18:00.563"></status>
</kw>
<kw name="Input Text" library="SeleniumLibrary">
<doc>Types the given ``text`` into the text field identified by ``locator``.</doc>
<arguments>
<arg>${PNAME}</arg>
<arg>โปรแกรมวิเคราะห์ข้อมูลสารสนเทศภูมิศาสตร์เชิงพื้นที่</arg>
</arguments>
<msg timestamp="20200317 22:18:00.564" level="INFO">Typing text 'โปรแกรมวิเคราะห์ข้อมูลสารสนเทศภูมิศาสตร์เชิงพื้นที่' into text field 'PNAME'.</msg>
<status status="PASS" starttime="20200317 22:18:00.563" endtime="20200317 22:18:00.810"></status>
</kw>
<kw name="Select From List By Value" library="SeleniumLibrary">
<doc>Selects options from selection list ``locator`` by ``values``.</doc>
<arguments>
<arg>${PTYPE}</arg>
<arg>ครุภัณฑ์การศึกษา</arg>
</arguments>
<msg timestamp="20200317 22:18:00.811" level="INFO">Selecting options from selection list 'PTYPE' by value ครุภัณฑ์การศึกษา.</msg>
<status status="PASS" starttime="20200317 22:18:00.811" endtime="20200317 22:18:00.869"></status>
</kw>
<kw name="Input Text" library="SeleniumLibrary">
<doc>Types the given ``text`` into the text field identified by ``locator``.</doc>
<arguments>
<arg>${DETAIL}</arg>
<arg>-</arg>
</arguments>
<msg timestamp="20200317 22:18:00.870" level="INFO">Typing text '-' into text field 'SPEC'.</msg>
<status status="PASS" starttime="20200317 22:18:00.869" endtime="20200317 22:18:00.935"></status>
</kw>
<kw name="Input Text" library="SeleniumLibrary">
<doc>Types the given ``text`` into the text field identified by ``locator``.</doc>
<arguments>
<arg>${LOC}</arg>
<arg>นายพีรดนย์ สุขเกษม 088-5809619</arg>
</arguments>
<msg timestamp="20200317 22:18:00.935" level="INFO">Typing text 'นายพีรดนย์ สุขเกษม 088-5809619' into text field 'LOC'.</msg>
<status status="PASS" starttime="20200317 22:18:00.935" endtime="20200317 22:18:01.086"></status>
</kw>
<kw name="Select From List By Value" library="SeleniumLibrary">
<doc>Selects options from selection list ``locator`` by ``values``.</doc>
<arguments>
<arg>${STATUS}</arg>
<arg>Overdue</arg>
</arguments>
<msg timestamp="20200317 22:18:01.087" level="INFO">Selecting options from selection list 'PSTATUS' by value Overdue.</msg>
<status status="PASS" starttime="20200317 22:18:01.087" endtime="20200317 22:18:01.144"></status>
</kw>
<kw name="Input Text" library="SeleniumLibrary">
<doc>Types the given ``text`` into the text field identified by ``locator``.</doc>
<arguments>
<arg>${BORDATE}</arg>
<arg>02/02/2020</arg>
</arguments>
<msg timestamp="20200317 22:18:01.145" level="INFO">Typing text '02/02/2020' into text field 'BDATE'.</msg>
<status status="PASS" starttime="20200317 22:18:01.144" endtime="20200317 22:18:01.234"></status>
</kw>
<kw name="Input Text" library="SeleniumLibrary">
<doc>Types the given ``text`` into the text field identified by ``locator``.</doc>
<arguments>
<arg>${REDATE}</arg>
<arg>29/02/2020</arg>
</arguments>
<msg timestamp="20200317 22:18:01.235" level="INFO">Typing text '29/02/2020' into text field 'RDATE'.</msg>
<status status="PASS" starttime="20200317 22:18:01.234" endtime="20200317 22:18:01.323"></status>
</kw>
<kw name="Input Text" library="SeleniumLibrary">
<doc>Types the given ``text`` into the text field identified by ``locator``.</doc>
<arguments>
<arg>${STAFF}</arg>
<arg>Thanapon</arg>
</arguments>
<msg timestamp="20200317 22:18:01.325" level="INFO">Typing text 'Thanapon' into text field 'STAFF'.</msg>
<status status="PASS" starttime="20200317 22:18:01.324" endtime="20200317 22:18:01.408"></status>
</kw>
<kw name="Click Button" library="SeleniumLibrary">
<doc>Clicks the button identified by ``locator``.</doc>
<arguments>
<arg>${SUBMIT}</arg>
</arguments>
<msg timestamp="20200317 22:18:01.409" level="INFO">Clicking button 'btn'.</msg>
<status status="PASS" starttime="20200317 22:18:01.409" endtime="20200317 22:18:01.568"></status>
</kw>
<kw name="Alert Should Be Present" library="SeleniumLibrary">
<doc>Verifies that an alert is present and by default, accepts it.</doc>
<arguments>
<arg>Adding Successful</arg>
</arguments>
<status status="PASS" starttime="20200317 22:18:01.569" endtime="20200317 22:18:01.577"></status>
</kw>
<kw name="Page Should Contain" library="SeleniumLibrary">
<doc>Verifies that current page contains ``text``.</doc>
<arguments>
<arg>5602100000411</arg>
</arguments>
<msg timestamp="20200317 22:18:01.802" level="INFO">Current page contains text '5602100000411'.</msg>
<status status="PASS" starttime="20200317 22:18:01.577" endtime="20200317 22:18:01.802"></status>
</kw>
<status status="PASS" starttime="20200317 22:18:00.274" endtime="20200317 22:18:01.803" critical="yes"></status>
</test>
<test id="s1-t5" name="Valid Repair">
<kw name="Click Element" library="SeleniumLibrary">
<doc>Click the element identified by ``locator``.</doc>
<arguments>
<arg>${ADDBUTTON}</arg>
</arguments>
<msg timestamp="20200317 22:18:01.804" level="INFO">Clicking element 'xpath://*[@id="Add"]'.</msg>
<status status="PASS" starttime="20200317 22:18:01.804" endtime="20200317 22:18:01.916"></status>
</kw>
<kw name="Input Text" library="SeleniumLibrary">
<doc>Types the given ``text`` into the text field identified by ``locator``.</doc>
<arguments>
<arg>${ID}</arg>
<arg>5602100000412</arg>
</arguments>
<msg timestamp="20200317 22:18:01.917" level="INFO">Typing text '5602100000412' into text field 'PID'.</msg>
<status status="PASS" starttime="20200317 22:18:01.917" endtime="20200317 22:18:02.024"></status>
</kw>
<kw name="Input Text" library="SeleniumLibrary">
<doc>Types the given ``text`` into the text field identified by ``locator``.</doc>
<arguments>
<arg>${PNAME}</arg>
<arg>ระบบเครือข่ายคอมพิวเตอร์</arg>
</arguments>
<msg timestamp="20200317 22:18:02.024" level="INFO">Typing text 'ระบบเครือข่ายคอมพิวเตอร์' into text field 'PNAME'.</msg>
<status status="PASS" starttime="20200317 22:18:02.024" endtime="20200317 22:18:02.156"></status>
</kw>
<kw name="Select From List By Value" library="SeleniumLibrary">
<doc>Selects options from selection list ``locator`` by ``values``.</doc>
<arguments>
<arg>${PTYPE}</arg>
<arg>ครุภัณฑ์คอมพิวเตอร์</arg>
</arguments>
<msg timestamp="20200317 22:18:02.157" level="INFO">Selecting options from selection list 'PTYPE' by value ครุภัณฑ์คอมพิวเตอร์.</msg>
<status status="PASS" starttime="20200317 22:18:02.157" endtime="20200317 22:18:02.224"></status>
</kw>
<kw name="Input Text" library="SeleniumLibrary">
<doc>Types the given ``text`` into the text field identified by ``locator``.</doc>
<arguments>
<arg>${DETAIL}</arg>
<arg>-</arg>
</arguments>
<msg timestamp="20200317 22:18:02.225" level="INFO">Typing text '-' into text field 'SPEC'.</msg>
<status status="PASS" starttime="20200317 22:18:02.225" endtime="20200317 22:18:02.286"></status>
</kw>
<kw name="Input Text" library="SeleniumLibrary">
<doc>Types the given ``text`` into the text field identified by ``locator``.</doc>
<arguments>
<arg>${LOC}</arg>
<arg>SC6301</arg>
</arguments>
<msg timestamp="20200317 22:18:02.287" level="INFO">Typing text 'SC6301' into text field 'LOC'.</msg>
<status status="PASS" starttime="20200317 22:18:02.287" endtime="20200317 22:18:02.370"></status>
</kw>
<kw name="Select From List By Value" library="SeleniumLibrary">
<doc>Selects options from selection list ``locator`` by ``values``.</doc>
<arguments>
<arg>${STATUS}</arg>
<arg>Repairing</arg>
</arguments>
<msg timestamp="20200317 22:18:02.370" level="INFO">Selecting options from selection list 'PSTATUS' by value Repairing.</msg>
<status status="PASS" starttime="20200317 22:18:02.370" endtime="20200317 22:18:02.431"></status>
</kw>
<kw name="Input Text" library="SeleniumLibrary">
<doc>Types the given ``text`` into the text field identified by ``locator``.</doc>
<arguments>
<arg>${STAFF}</arg>
<arg>Thanapon</arg>
</arguments>
<msg timestamp="20200317 22:18:02.432" level="INFO">Typing text 'Thanapon' into text field 'STAFF'.</msg>
<status status="PASS" starttime="20200317 22:18:02.431" endtime="20200317 22:18:02.523"></status>
</kw>
<kw name="Click Button" library="SeleniumLibrary">
<doc>Clicks the button identified by ``locator``.</doc>
<arguments>
<arg>${SUBMIT}</arg>
</arguments>
<msg timestamp="20200317 22:18:02.524" level="INFO">Clicking button 'btn'.</msg>
<status status="PASS" starttime="20200317 22:18:02.524" endtime="20200317 22:18:02.641"></status>
</kw>
<kw name="Alert Should Be Present" library="SeleniumLibrary">
<doc>Verifies that an alert is present and by default, accepts it.</doc>
<arguments>
<arg>Adding Successful</arg>
</arguments>
<status status="PASS" starttime="20200317 22:18:02.641" endtime="20200317 22:18:02.647"></status>
</kw>
<kw name="Page Should Contain" library="SeleniumLibrary">
<doc>Verifies that current page contains ``text``.</doc>
<arguments>
<arg>5602100000412</arg>
</arguments>
<msg timestamp="20200317 22:18:02.973" level="INFO">Current page contains text '5602100000412'.</msg>
<status status="PASS" starttime="20200317 22:18:02.648" endtime="20200317 22:18:02.973"></status>
</kw>
<status status="PASS" starttime="20200317 22:18:01.804" endtime="20200317 22:18:02.974" critical="yes"></status>
</test>
<test id="s1-t6" name="Valid Borrowed">
<kw name="Click Element" library="SeleniumLibrary">
<doc>Click the element identified by ``locator``.</doc>
<arguments>
<arg>${ADDBUTTON}</arg>
</arguments>
<msg timestamp="20200317 22:18:02.978" level="INFO">Clicking element 'xpath://*[@id="Add"]'.</msg>
<status status="PASS" starttime="20200317 22:18:02.977" endtime="20200317 22:18:03.108"></status>
</kw>
<kw name="Input Text" library="SeleniumLibrary">
<doc>Types the given ``text`` into the text field identified by ``locator``.</doc>
<arguments>
<arg>${ID}</arg>
<arg>5602100000413</arg>
</arguments>
<msg timestamp="20200317 22:18:03.109" level="INFO">Typing text '5602100000413' into text field 'PID'.</msg>
<status status="PASS" starttime="20200317 22:18:03.109" endtime="20200317 22:18:03.220"></status>
</kw>
<kw name="Input Text" library="SeleniumLibrary">
<doc>Types the given ``text`` into the text field identified by ``locator``.</doc>
<arguments>
<arg>${PNAME}</arg>
<arg>ระบบเครือข่ายคอมพิวเตอร์</arg>
</arguments>
<msg timestamp="20200317 22:18:03.221" level="INFO">Typing text 'ระบบเครือข่ายคอมพิวเตอร์' into text field 'PNAME'.</msg>
<status status="PASS" starttime="20200317 22:18:03.220" endtime="20200317 22:18:03.349"></status>
</kw>
<kw name="Select From List By Value" library="SeleniumLibrary">
<doc>Selects options from selection list ``locator`` by ``values``.</doc>
<arguments>
<arg>${PTYPE}</arg>
<arg>ครุภัณฑ์คอมพิวเตอร์</arg>
</arguments>
<msg timestamp="20200317 22:18:03.350" level="INFO">Selecting options from selection list 'PTYPE' by value ครุภัณฑ์คอมพิวเตอร์.</msg>
<status status="PASS" starttime="20200317 22:18:03.349" endtime="20200317 22:18:03.411"></status>
</kw>
<kw name="Input Text" library="SeleniumLibrary">
<doc>Types the given ``text`` into the text field identified by ``locator``.</doc>
<arguments>
<arg>${DETAIL}</arg>
<arg>-</arg>
</arguments>
<msg timestamp="20200317 22:18:03.412" level="INFO">Typing text '-' into text field 'SPEC'.</msg>
<status status="PASS" starttime="20200317 22:18:03.412" endtime="20200317 22:18:03.478"></status>
</kw>
<kw name="Input Text" library="SeleniumLibrary">
<doc>Types the given ``text`` into the text field identified by ``locator``.</doc>
<arguments>
<arg>${LOC}</arg>
<arg>SC6301</arg>
</arguments>
<msg timestamp="20200317 22:18:03.479" level="INFO">Typing text 'SC6301' into text field 'LOC'.</msg>
<status status="PASS" starttime="20200317 22:18:03.479" endtime="20200317 22:18:03.567"></status>
</kw>
<kw name="Select From List By Value" library="SeleniumLibrary">
<doc>Selects options from selection list ``locator`` by ``values``.</doc>
<arguments>
<arg>${STATUS}</arg>
<arg>Borrowed</arg>
</arguments>
<msg timestamp="20200317 22:18:03.568" level="INFO">Selecting options from selection list 'PSTATUS' by value Borrowed.</msg>
<status status="PASS" starttime="20200317 22:18:03.568" endtime="20200317 22:18:03.625"></status>
</kw>
<kw name="Input Text" library="SeleniumLibrary">
<doc>Types the given ``text`` into the text field identified by ``locator``.</doc>
<arguments>
<arg>${BORDATE}</arg>
<arg>02/02/2020</arg>
</arguments>
<msg timestamp="20200317 22:18:03.626" level="INFO">Typing text '02/02/2020' into text field 'BDATE'.</msg>
<status status="PASS" starttime="20200317 22:18:03.626" endtime="20200317 22:18:03.718"></status>
</kw>
<kw name="Input Text" library="SeleniumLibrary">
<doc>Types the given ``text`` into the text field identified by ``locator``.</doc>
<arguments>
<arg>${REDATE}</arg>
<arg>29/02/2020</arg>
</arguments>
<msg timestamp="20200317 22:18:03.719" level="INFO">Typing text '29/02/2020' into text field 'RDATE'.</msg>
<status status="PASS" starttime="20200317 22:18:03.719" endtime="20200317 22:18:03.805"></status>
</kw>
<kw name="Input Text" library="SeleniumLibrary">
<doc>Types the given ``text`` into the text field identified by ``locator``.</doc>
<arguments>
<arg>${STAFF}</arg>
<arg>Thanapon</arg>
</arguments>
<msg timestamp="20200317 22:18:03.806" level="INFO">Typing text 'Thanapon' into text field 'STAFF'.</msg>
<status status="PASS" starttime="20200317 22:18:03.806" endtime="20200317 22:18:03.891"></status>
</kw>
<kw name="Click Button" library="SeleniumLibrary">
<doc>Clicks the button identified by ``locator``.</doc>
<arguments>
<arg>${SUBMIT}</arg>
</arguments>
<msg timestamp="20200317 22:18:03.892" level="INFO">Clicking button 'btn'.</msg>
<status status="PASS" starttime="20200317 22:18:03.891" endtime="20200317 22:18:04.146"></status>
</kw>
<kw name="Alert Should Be Present" library="SeleniumLibrary">
<doc>Verifies that an alert is present and by default, accepts it.</doc>
<arguments>
<arg>Adding Successful</arg>
</arguments>
<status status="PASS" starttime="20200317 22:18:04.146" endtime="20200317 22:18:04.155"></status>
</kw>
<kw name="Page Should Contain" library="SeleniumLibrary">
<doc>Verifies that current page contains ``text``.</doc>
<arguments>
<arg>5602100000413</arg>
</arguments>
<msg timestamp="20200317 22:18:04.492" level="INFO">Current page contains text '5602100000413'.</msg>
<status status="PASS" starttime="20200317 22:18:04.159" endtime="20200317 22:18:04.492"></status>
</kw>
<status status="PASS" starttime="20200317 22:18:02.977" endtime="20200317 22:18:04.492" critical="yes"></status>
</test>
<test id="s1-t7" name="Empty BDate">
<kw name="Click Element" library="SeleniumLibrary">
<doc>Click the element identified by ``locator``.</doc>
<arguments>
<arg>${ADDBUTTON}</arg>
</arguments>
<msg timestamp="20200317 22:18:04.495" level="INFO">Clicking element 'xpath://*[@id="Add"]'.</msg>
<status status="PASS" starttime="20200317 22:18:04.494" endtime="20200317 22:18:04.759"></status>
</kw>
<kw name="Input Text" library="SeleniumLibrary">
<doc>Types the given ``text`` into the text field identified by ``locator``.</doc>
<arguments>
<arg>${ID}</arg>
<arg>5602100000406</arg>
</arguments>
<msg timestamp="20200317 22:18:04.760" level="INFO">Typing text '5602100000406' into text field 'PID'.</msg>
<status status="PASS" starttime="20200317 22:18:04.759" endtime="20200317 22:18:04.875"></status>
</kw>
<kw name="Input Text" library="SeleniumLibrary">
<doc>Types the given ``text`` into the text field identified by ``locator``.</doc>
<arguments>
<arg>${PNAME}</arg>
<arg>คอมพิวเตอร์สมรรถนะสูงสำหรับทำงานด้านวิจัยในวิชาโครงงานศึกษา</arg>
</arguments>
<msg timestamp="20200317 22:18:04.876" level="INFO">Typing text 'คอมพิวเตอร์สมรรถนะสูงสำหรับทำงานด้านวิจัยในวิชาโครงงานศึกษา' into text field 'PNAME'.</msg>
<status status="PASS" starttime="20200317 22:18:04.876" endtime="20200317 22:18:05.140"></status>
</kw>
<kw name="Select From List By Value" library="SeleniumLibrary">
<doc>Selects options from selection list ``locator`` by ``values``.</doc>
<arguments>
<arg>${PTYPE}</arg>
<arg>ครุภัณฑ์คอมพิวเตอร์</arg>
</arguments>
<msg timestamp="20200317 22:18:05.141" level="INFO">Selecting options from selection list 'PTYPE' by value ครุภัณฑ์คอมพิวเตอร์.</msg>
<status status="PASS" starttime="20200317 22:18:05.141" endtime="20200317 22:18:05.199"></status>
</kw>
<kw name="Input Text" library="SeleniumLibrary">
<doc>Types the given ``text`` into the text field identified by ``locator``.</doc>
<arguments>
<arg>${DETAIL}</arg>
<arg>-</arg>
</arguments>
<msg timestamp="20200317 22:18:05.200" level="INFO">Typing text '-' into text field 'SPEC'.</msg>
<status status="PASS" starttime="20200317 22:18:05.199" endtime="20200317 22:18:05.267"></status>
</kw>
<kw name="Input Text" library="SeleniumLibrary">
<doc>Types the given ``text`` into the text field identified by ``locator``.</doc>
<arguments>
<arg>${LOC}</arg>
<arg>-</arg>
</arguments>
<msg timestamp="20200317 22:18:05.268" level="INFO">Typing text '-' into text field 'LOC'.</msg>
<status status="PASS" starttime="20200317 22:18:05.268" endtime="20200317 22:18:05.338"></status>
</kw>
<kw name="Select From List By Value" library="SeleniumLibrary">
<doc>Selects options from selection list ``locator`` by ``values``.</doc>
<arguments>
<arg>${STATUS}</arg>
<arg>Borrowed</arg>
</arguments>
<msg timestamp="20200317 22:18:05.339" level="INFO">Selecting options from selection list 'PSTATUS' by value Borrowed.</msg>
<status status="PASS" starttime="20200317 22:18:05.338" endtime="20200317 22:18:05.400"></status>
</kw>
<kw name="Input Text" library="SeleniumLibrary">
<doc>Types the given ``text`` into the text field identified by ``locator``.</doc>
<arguments>
<arg>${REDATE}</arg>
<arg>03/02/2020</arg>
</arguments>
<msg timestamp="20200317 22:18:05.401" level="INFO">Typing text '03/02/2020' into text field 'RDATE'.</msg>
<status status="PASS" starttime="20200317 22:18:05.401" endtime="20200317 22:18:05.493"></status>
</kw>
<kw name="Input Text" library="SeleniumLibrary">
<doc>Types the given ``text`` into the text field identified by ``locator``.</doc>
<arguments>
<arg>${STAFF}</arg>
<arg>-</arg>
</arguments>
<msg timestamp="20200317 22:18:05.494" level="INFO">Typing text '-' into text field 'STAFF'.</msg>
<status status="PASS" starttime="20200317 22:18:05.493" endtime="20200317 22:18:05.559"></status>
</kw>
<kw name="Click Button" library="SeleniumLibrary">
<doc>Clicks the button identified by ``locator``.</doc>
<arguments>
<arg>${SUBMIT}</arg>
</arguments>
<msg timestamp="20200317 22:18:05.560" level="INFO">Clicking button 'btn'.</msg>
<status status="PASS" starttime="20200317 22:18:05.560" endtime="20200317 22:18:05.828"></status>
</kw>
<kw name="Alert Should Be Present" library="SeleniumLibrary">
<doc>Verifies that an alert is present and by default, accepts it.</doc>
<arguments>
<arg>Adding Successful</arg>
</arguments>
<status status="PASS" starttime="20200317 22:18:05.829" endtime="20200317 22:18:05.835"></status>
</kw>
<kw name="Location Should Be" library="SeleniumLibrary">
<doc>Verifies that the current URL is exactly ``url``.</doc>
<arguments>
<arg>${SERVER}</arg>
</arguments>
<msg timestamp="20200317 22:18:06.038" level="INFO">Current location is 'http://10.199.66.227/SoftEn2020/Sec02/SEP/index.php'.</msg>
<status status="PASS" starttime="20200317 22:18:05.836" endtime="20200317 22:18:06.038"></status>
</kw>
<kw name="Page Should Contain" library="SeleniumLibrary">
<doc>Verifies that current page contains ``text``.</doc>
<arguments>
<arg>5602100000406</arg>
</arguments>
<msg timestamp="20200317 22:18:06.100" level="INFO">Current page contains text '5602100000406'.</msg>
<status status="PASS" starttime="20200317 22:18:06.038" endtime="20200317 22:18:06.100"></status>
</kw>
<status status="PASS" starttime="20200317 22:18:04.493" endtime="20200317 22:18:06.101" critical="yes"></status>
</test>
<test id="s1-t8" name="Empty RDate">
<kw name="Click Element" library="SeleniumLibrary">
<doc>Click the element identified by ``locator``.</doc>
<arguments>
<arg>${ADDBUTTON}</arg>
</arguments>
<msg timestamp="20200317 22:18:06.103" level="INFO">Clicking element 'xpath://*[@id="Add"]'.</msg>
<status status="PASS" starttime="20200317 22:18:06.103" endtime="20200317 22:18:06.275"></status>
</kw>
<kw name="Input Text" library="SeleniumLibrary">
<doc>Types the given ``text`` into the text field identified by ``locator``.</doc>
<arguments>
<arg>${ID}</arg>
<arg>5602100000407</arg>
</arguments>
<msg timestamp="20200317 22:18:06.276" level="INFO">Typing text '5602100000407' into text field 'PID'.</msg>
<status status="PASS" starttime="20200317 22:18:06.276" endtime="20200317 22:18:06.380"></status>
</kw>
<kw name="Input Text" library="SeleniumLibrary">
<doc>Types the given ``text`` into the text field identified by ``locator``.</doc>
<arguments>
<arg>${PNAME}</arg>
<arg>คอมพิวเตอร์สมรรถนะสูงสำหรับทำงานด้านวิจัยในวิชาโครงงานศึกษา</arg>
</arguments>
<msg timestamp="20200317 22:18:06.380" level="INFO">Typing text 'คอมพิวเตอร์สมรรถนะสูงสำหรับทำงานด้านวิจัยในวิชาโครงงานศึกษา' into text field 'PNAME'.</msg>
<status status="PASS" starttime="20200317 22:18:06.380" endtime="20200317 22:18:06.633"></status>
</kw>
<kw name="Select From List By Value" library="SeleniumLibrary">
<doc>Selects options from selection list ``locator`` by ``values``.</doc>
<arguments>
<arg>${PTYPE}</arg>
<arg>ครุภัณฑ์คอมพิวเตอร์</arg>
</arguments>
<msg timestamp="20200317 22:18:06.634" level="INFO">Selecting options from selection list 'PTYPE' by value ครุภัณฑ์คอมพิวเตอร์.</msg>
<status status="PASS" starttime="20200317 22:18:06.633" endtime="20200317 22:18:06.693"></status>
</kw>
<kw name="Input Text" library="SeleniumLibrary">
<doc>Types the given ``text`` into the text field identified by ``locator``.</doc>
<arguments>
<arg>${DETAIL}</arg>
<arg>-</arg>
</arguments>
<msg timestamp="20200317 22:18:06.694" level="INFO">Typing text '-' into text field 'SPEC'.</msg>
<status status="PASS" starttime="20200317 22:18:06.694" endtime="20200317 22:18:06.762"></status>
</kw>
<kw name="Input Text" library="SeleniumLibrary">
<doc>Types the given ``text`` into the text field identified by ``locator``.</doc>
<arguments>
<arg>${LOC}</arg>
<arg>-</arg>
</arguments>
<msg timestamp="20200317 22:18:06.762" level="INFO">Typing text '-' into text field 'LOC'.</msg>
<status status="PASS" starttime="20200317 22:18:06.762" endtime="20200317 22:18:06.829"></status>
</kw>
<kw name="Select From List By Value" library="SeleniumLibrary">
<doc>Selects options from selection list ``locator`` by ``values``.</doc>
<arguments>
<arg>${STATUS}</arg>
<arg>Borrowed</arg>
</arguments>
<msg timestamp="20200317 22:18:06.830" level="INFO">Selecting options from selection list 'PSTATUS' by value Borrowed.</msg>
<status status="PASS" starttime="20200317 22:18:06.830" endtime="20200317 22:18:06.890"></status>
</kw>
<kw name="Input Text" library="SeleniumLibrary">
<doc>Types the given ``text`` into the text field identified by ``locator``.</doc>
<arguments>
<arg>${BORDATE}</arg>
<arg>03/03/2020</arg>
</arguments>
<msg timestamp="20200317 22:18:06.891" level="INFO">Typing text '03/03/2020' into text field 'BDATE'.</msg>
<status status="PASS" starttime="20200317 22:18:06.891" endtime="20200317 22:18:06.985"></status>
</kw>
<kw name="Input Text" library="SeleniumLibrary">
<doc>Types the given ``text`` into the text field identified by ``locator``.</doc>
<arguments>
<arg>${STAFF}</arg>
<arg>Thanapon</arg>
</arguments>
<msg timestamp="20200317 22:18:06.986" level="INFO">Typing text 'Thanapon' into text field 'STAFF'.</msg>
<status status="PASS" starttime="20200317 22:18:06.986" endtime="20200317 22:18:07.066"></status>
</kw>
<kw name="Click Button" library="SeleniumLibrary">
<doc>Clicks the button identified by ``locator``.</doc>
<arguments>
<arg>${SUBMIT}</arg>
</arguments>
<msg timestamp="20200317 22:18:07.067" level="INFO">Clicking button 'btn'.</msg>
<status status="PASS" starttime="20200317 22:18:07.066" endtime="20200317 22:18:07.244"></status>
</kw>
<kw name="Alert Should Be Present" library="SeleniumLibrary">
<doc>Verifies that an alert is present and by default, accepts it.</doc>
<arguments>
<arg>Adding Successful</arg>
</arguments>
<status status="PASS" starttime="20200317 22:18:07.245" endtime="20200317 22:18:07.262"></status>
</kw>
<kw name="Location Should Be" library="SeleniumLibrary">
<doc>Verifies that the current URL is exactly ``url``.</doc>
<arguments>
<arg>${SERVER}</arg>
</arguments>
<msg timestamp="20200317 22:18:07.455" level="INFO">Current location is 'http://10.199.66.227/SoftEn2020/Sec02/SEP/index.php'.</msg>
<status status="PASS" starttime="20200317 22:18:07.262" endtime="20200317 22:18:07.456"></status>
</kw>
<kw name="Page Should Contain" library="SeleniumLibrary">
<doc>Verifies that current page contains ``text``.</doc>
<arguments>
<arg>5602100000407</arg>
</arguments>
<msg timestamp="20200317 22:18:07.513" level="INFO">Current page contains text '5602100000407'.</msg>
<status status="PASS" starttime="20200317 22:18:07.456" endtime="20200317 22:18:07.514"></status>
</kw>
<kw name="Close Browser" library="SeleniumLibrary">
<doc>Closes the current browser.</doc>
<status status="PASS" starttime="20200317 22:18:07.514" endtime="20200317 22:18:09.668"></status>
</kw>
<status status="PASS" starttime="20200317 22:18:06.103" endtime="20200317 22:18:09.669" critical="yes"></status>
</test>
<test id="s1-t9" name="Empty ID">
<kw name="Open Browser" library="SeleniumLibrary">
<doc>Opens a new browser instance to the optional ``url``.</doc>
<arguments>
<arg>${SERVER}</arg>
<arg>${BROWSER}</arg>
</arguments>
<msg timestamp="20200317 22:18:09.671" level="INFO">Opening browser 'Chrome' to base url 'http://10.199.66.227/SoftEn2020/Sec02/SEP/index.php'.</msg>
<status status="PASS" starttime="20200317 22:18:09.671" endtime="20200317 22:18:17.053"></status>
</kw>
<kw name="Click Element" library="SeleniumLibrary">
<doc>Click the element identified by ``locator``.</doc>
<arguments>
<arg>${ADDBUTTON}</arg>
</arguments>
<msg timestamp="20200317 22:18:17.055" level="INFO">Clicking element 'xpath://*[@id="Add"]'.</msg>
<status status="PASS" starttime="20200317 22:18:17.054" endtime="20200317 22:18:17.320"></status>
</kw>
<kw name="Input Text" library="SeleniumLibrary">
<doc>Types the given ``text`` into the text field identified by ``locator``.</doc>
<arguments>
<arg>${PNAME}</arg>
<arg>คอมพิวเตอร์สมรรถนะสูงสำหรับทำงานด้านวิจัยในวิชาโครงงานศึกษา</arg>
</arguments>
<msg timestamp="20200317 22:18:17.321" level="INFO">Typing text 'คอมพิวเตอร์สมรรถนะสูงสำหรับทำงานด้านวิจัยในวิชาโครงงานศึกษา' into text field 'PNAME'.</msg>
<status status="PASS" starttime="20200317 22:18:17.321" endtime="20200317 22:18:17.628"></status>
</kw>
<kw name="Select From List By Value" library="SeleniumLibrary">
<doc>Selects options from selection list ``locator`` by ``values``.</doc>
<arguments>
<arg>${PTYPE}</arg>
<arg>ครุภัณฑ์คอมพิวเตอร์</arg>
</arguments>
<msg timestamp="20200317 22:18:17.628" level="INFO">Selecting options from selection list 'PTYPE' by value ครุภัณฑ์คอมพิวเตอร์.</msg>
<status status="PASS" starttime="20200317 22:18:17.628" endtime="20200317 22:18:17.700"></status>
</kw>
<kw name="Input Text" library="SeleniumLibrary">
<doc>Types the given ``text`` into the text field identified by ``locator``.</doc>
<arguments>
<arg>${DETAIL}</arg>
<arg>Dell Optiplex 7010 DT</arg>
</arguments>
<msg timestamp="20200317 22:18:17.700" level="INFO">Typing text 'Dell Optiplex 7010 DT' into text field 'SPEC'.</msg>
<status status="PASS" starttime="20200317 22:18:17.700" endtime="20200317 22:18:17.857"></status>
</kw>
<kw name="Input Text" library="SeleniumLibrary">
<doc>Types the given ``text`` into the text field identified by ``locator``.</doc>
<arguments>
<arg>${LOC}</arg>
<arg>SC6301</arg>
</arguments>
<msg timestamp="20200317 22:18:17.858" level="INFO">Typing text 'SC6301' into text field 'LOC'.</msg>
<status status="PASS" starttime="20200317 22:18:17.858" endtime="20200317 22:18:18.012"></status>
</kw>
<kw name="Select From List By Value" library="SeleniumLibrary">
<doc>Selects options from selection list ``locator`` by ``values``.</doc>
<arguments>
<arg>${STATUS}</arg>
<arg>Unavailable</arg>
</arguments>
<msg timestamp="20200317 22:18:18.013" level="INFO">Selecting options from selection list 'PSTATUS' by value Unavailable.</msg>
<status status="PASS" starttime="20200317 22:18:18.013" endtime="20200317 22:18:18.115"></status>
</kw>
<kw name="Input Text" library="SeleniumLibrary">
<doc>Types the given ``text`` into the text field identified by ``locator``.</doc>
<arguments>
<arg>${STAFF}</arg>
<arg>Thanapon</arg>
</arguments>
<msg timestamp="20200317 22:18:18.116" level="INFO">Typing text 'Thanapon' into text field 'STAFF'.</msg>
<status status="PASS" starttime="20200317 22:18:18.115" endtime="20200317 22:18:18.236"></status>
</kw>
<kw name="Click Button" library="SeleniumLibrary">
<doc>Clicks the button identified by ``locator``.</doc>
<arguments>
<arg>${SUBMIT}</arg>
</arguments>
<msg timestamp="20200317 22:18:18.237" level="INFO">Clicking button 'btn'.</msg>
<status status="PASS" starttime="20200317 22:18:18.236" endtime="20200317 22:18:18.325"></status>
</kw>
<kw name="Alert Should Be Present" library="SeleniumLibrary">
<doc>Verifies that an alert is present and by default, accepts it.</doc>
<arguments>
<arg>Please enter equipment id</arg>
</arguments>
<status status="PASS" starttime="20200317 22:18:18.325" endtime="20200317 22:18:18.348"></status>
</kw>
<kw name="Location Should Be" library="SeleniumLibrary">
<doc>Verifies that the current URL is exactly ``url``.</doc>
<arguments>
<arg>${ADDPAGE}</arg>
</arguments>
<msg timestamp="20200317 22:18:18.363" level="INFO">Current location is 'http://10.199.66.227/SoftEn2020/Sec02/SEP/addlistForm.php'.</msg>
<status status="PASS" starttime="20200317 22:18:18.357" endtime="20200317 22:18:18.363"></status>
</kw>
<status status="PASS" starttime="20200317 22:18:09.670" endtime="20200317 22:18:18.363" critical="yes"></status>
</test>
<test id="s1-t10" name="Repeated ID">
<kw name="Go To" library="SeleniumLibrary">
<doc>Navigates the current browser window to the provided ``url``.</doc>
<arguments>
<arg>${SERVER}</arg>
</arguments>
<msg timestamp="20200317 22:18:18.370" level="INFO">Opening url 'http://10.199.66.227/SoftEn2020/Sec02/SEP/index.php'</msg>
<status status="PASS" starttime="20200317 22:18:18.370" endtime="20200317 22:18:18.550"></status>
</kw>
<kw name="Click Element" library="SeleniumLibrary">
<doc>Click the element identified by ``locator``.</doc>
<arguments>
<arg>${ADDBUTTON}</arg>
</arguments>
<msg timestamp="20200317 22:18:18.551" level="INFO">Clicking element 'xpath://*[@id="Add"]'.</msg>
<status status="PASS" starttime="20200317 22:18:18.551" endtime="20200317 22:18:18.705"></status>
</kw>
<kw name="Input Text" library="SeleniumLibrary">
<doc>Types the given ``text`` into the text field identified by ``locator``.</doc>
<arguments>
<arg>${ID}</arg>
<arg>5602100000400</arg>
</arguments>
<msg timestamp="20200317 22:18:18.706" level="INFO">Typing text '5602100000400' into text field 'PID'.</msg>
<status status="PASS" starttime="20200317 22:18:18.705" endtime="20200317 22:18:18.882"></status>
</kw>
<kw name="Input Text" library="SeleniumLibrary">
<doc>Types the given ``text`` into the text field identified by ``locator``.</doc>
<arguments>
<arg>${PNAME}</arg>
<arg>ระบบเครือข่ายคอมพิวเตอร์</arg>
</arguments>
<msg timestamp="20200317 22:18:18.884" level="INFO">Typing text 'ระบบเครือข่ายคอมพิวเตอร์' into text field 'PNAME'.</msg>
<status status="PASS" starttime="20200317 22:18:18.883" endtime="20200317 22:18:19.292"></status>
</kw>
<kw name="Select From List By Value" library="SeleniumLibrary">
<doc>Selects options from selection list ``locator`` by ``values``.</doc>
<arguments>
<arg>${PTYPE}</arg>
<arg>ครุภัณฑ์คอมพิวเตอร์</arg>
</arguments>
<msg timestamp="20200317 22:18:19.293" level="INFO">Selecting options from selection list 'PTYPE' by value ครุภัณฑ์คอมพิวเตอร์.</msg>
<status status="PASS" starttime="20200317 22:18:19.293" endtime="20200317 22:18:19.370"></status>
</kw>
<kw name="Input Text" library="SeleniumLibrary">
<doc>Types the given ``text`` into the text field identified by ``locator``.</doc>
<arguments>
<arg>${DETAIL}</arg>
<arg>-</arg>
</arguments>
<msg timestamp="20200317 22:18:19.371" level="INFO">Typing text '-' into text field 'SPEC'.</msg>
<status status="PASS" starttime="20200317 22:18:19.371" endtime="20200317 22:18:19.454"></status>
</kw>
<kw name="Input Text" library="SeleniumLibrary">
<doc>Types the given ``text`` into the text field identified by ``locator``.</doc>
<arguments>
<arg>${LOC}</arg>
<arg>-</arg>
</arguments>
<msg timestamp="20200317 22:18:19.454" level="INFO">Typing text '-' into text field 'LOC'.</msg>
<status status="PASS" starttime="20200317 22:18:19.454" endtime="20200317 22:18:19.629"></status>
</kw>
<kw name="Select From List By Value" library="SeleniumLibrary">
<doc>Selects options from selection list ``locator`` by ``values``.</doc>
<arguments>
<arg>${STATUS}</arg>
<arg>Available</arg>
</arguments>
<msg timestamp="20200317 22:18:19.629" level="INFO">Selecting options from selection list 'PSTATUS' by value Available.</msg>
<status status="PASS" starttime="20200317 22:18:19.629" endtime="20200317 22:18:19.726"></status>
</kw>
<kw name="Input Text" library="SeleniumLibrary">
<doc>Types the given ``text`` into the text field identified by ``locator``.</doc>
<arguments>
<arg>${STAFF}</arg>
<arg>Thanapon</arg>
</arguments>
<msg timestamp="20200317 22:18:19.728" level="INFO">Typing text 'Thanapon' into text field 'STAFF'.</msg>
<status status="PASS" starttime="20200317 22:18:19.727" endtime="20200317 22:18:19.832"></status>
</kw>
<kw name="Click Button" library="SeleniumLibrary">
<doc>Clicks the button identified by ``locator``.</doc>
<arguments>
<arg>${SUBMIT}</arg>
</arguments>
<msg timestamp="20200317 22:18:19.834" level="INFO">Clicking button 'btn'.</msg>
<status status="PASS" starttime="20200317 22:18:19.833" endtime="20200317 22:18:19.956"></status>
</kw>
<kw name="Alert Should Be Present" library="SeleniumLibrary">
<doc>Verifies that an alert is present and by default, accepts it.</doc>
<arguments>
<arg>This Id is already exits. Please enter another Id</arg>
</arguments>
<status status="PASS" starttime="20200317 22:18:19.957" endtime="20200317 22:18:19.962"></status>
</kw>
<kw name="Location Should Be" library="SeleniumLibrary">
<doc>Verifies that the current URL is exactly ``url``.</doc>
<arguments>
<arg>${ADDPAGE}</arg>
</arguments>
<msg timestamp="20200317 22:18:20.082" level="INFO">Current location is 'http://10.199.66.227/SoftEn2020/Sec02/SEP/addlistForm.php'.</msg>
<status status="PASS" starttime="20200317 22:18:19.963" endtime="20200317 22:18:20.082"></status>
</kw>
<status status="PASS" starttime="20200317 22:18:18.369" endtime="20200317 22:18:20.083" critical="yes"></status>
</test>
<test id="s1-t11" name="Invalid ID">
<kw name="Go To" library="SeleniumLibrary">
<doc>Navigates the current browser window to the provided ``url``.</doc>
<arguments>
<arg>${SERVER}</arg>
</arguments>
<msg timestamp="20200317 22:18:20.084" level="INFO">Opening url 'http://10.199.66.227/SoftEn2020/Sec02/SEP/index.php'</msg>
<status status="PASS" starttime="20200317 22:18:20.084" endtime="20200317 22:18:20.254"></status>
</kw>
<kw name="Click Element" library="SeleniumLibrary">
<doc>Click the element identified by ``locator``.</doc>
<arguments>
<arg>${ADDBUTTON}</arg>
</arguments>
<msg timestamp="20200317 22:18:20.254" level="INFO">Clicking element 'xpath://*[@id="Add"]'.</msg>
<status status="PASS" starttime="20200317 22:18:20.254" endtime="20200317 22:18:20.395"></status>
</kw>
<kw name="Input Text" library="SeleniumLibrary">
<doc>Types the given ``text`` into the text field identified by ``locator``.</doc>
<arguments>
<arg>${ID}</arg>
<arg>59021000&amp;&amp;_#$###%^</arg>
</arguments>
<msg timestamp="20200317 22:18:20.399" level="INFO">Typing text '59021000&amp;&amp;_#$###%^' into text field 'PID'.</msg>
<status status="PASS" starttime="20200317 22:18:20.399" endtime="20200317 22:18:20.592"></status>
</kw>
<kw name="Input Text" library="SeleniumLibrary">
<doc>Types the given ``text`` into the text field identified by ``locator``.</doc>
<arguments>
<arg>${PNAME}</arg>
<arg>ระบบเครือข่ายคอมพิวเตอร์</arg>
</arguments>
<msg timestamp="20200317 22:18:20.593" level="INFO">Typing text 'ระบบเครือข่ายคอมพิวเตอร์' into text field 'PNAME'.</msg>
<status status="PASS" starttime="20200317 22:18:20.593" endtime="20200317 22:18:20.799"></status>
</kw>
<kw name="Select From List By Value" library="SeleniumLibrary">
<doc>Selects options from selection list ``locator`` by ``values``.</doc>
<arguments>
<arg>${PTYPE}</arg>
<arg>ครุภัณฑ์คอมพิวเตอร์</arg>
</arguments>
<msg timestamp="20200317 22:18:20.800" level="INFO">Selecting options from selection list 'PTYPE' by value ครุภัณฑ์คอมพิวเตอร์.</msg>
<status status="PASS" starttime="20200317 22:18:20.800" endtime="20200317 22:18:20.859"></status>
</kw>
<kw name="Input Text" library="SeleniumLibrary">
<doc>Types the given ``text`` into the text field identified by ``locator``.</doc>
<arguments>
<arg>${DETAIL}</arg>
<arg>-</arg>
</arguments>
<msg timestamp="20200317 22:18:20.860" level="INFO">Typing text '-' into text field 'SPEC'.</msg>
<status status="PASS" starttime="20200317 22:18:20.859" endtime="20200317 22:18:20.930"></status>
</kw>
<kw name="Input Text" library="SeleniumLibrary">
<doc>Types the given ``text`` into the text field identified by ``locator``.</doc>
<arguments>
<arg>${LOC}</arg>
<arg>SC6301</arg>
</arguments>
<msg timestamp="20200317 22:18:20.931" level="INFO">Typing text 'SC6301' into text field 'LOC'.</msg>
<status status="PASS" starttime="20200317 22:18:20.931" endtime="20200317 22:18:21.013"></status>
</kw>
<kw name="Select From List By Value" library="SeleniumLibrary">
<doc>Selects options from selection list ``locator`` by ``values``.</doc>
<arguments>
<arg>${STATUS}</arg>
<arg>Available</arg>
</arguments>
<msg timestamp="20200317 22:18:21.014" level="INFO">Selecting options from selection list 'PSTATUS' by value Available.</msg>
<status status="PASS" starttime="20200317 22:18:21.014" endtime="20200317 22:18:21.074"></status>
</kw>
<kw name="Input Text" library="SeleniumLibrary">
<doc>Types the given ``text`` into the text field identified by ``locator``.</doc>
<arguments>
<arg>${STAFF}</arg>
<arg>Thanapon</arg>
</arguments>
<msg timestamp="20200317 22:18:21.075" level="INFO">Typing text 'Thanapon' into text field 'STAFF'.</msg>
<status status="PASS" starttime="20200317 22:18:21.075" endtime="20200317 22:18:21.147"></status>
</kw>
<kw name="Click Button" library="SeleniumLibrary">
<doc>Clicks the button identified by ``locator``.</doc>
<arguments>
<arg>${SUBMIT}</arg>
</arguments>
<msg timestamp="20200317 22:18:21.148" level="INFO">Clicking button 'btn'.</msg>
<status status="PASS" starttime="20200317 22:18:21.148" endtime="20200317 22:18:21.203"></status>
</kw>
<kw name="Page Should Contain" library="SeleniumLibrary">
<doc>Verifies that current page contains ``text``.</doc>
<arguments>
<arg>Name should not contain special symbols</arg>
</arguments>
<msg timestamp="20200317 22:18:21.226" level="INFO">Current page contains text 'Name should not contain special symbols'.</msg>
<status status="PASS" starttime="20200317 22:18:21.204" endtime="20200317 22:18:21.226"></status>
</kw>
<kw name="Location Should Be" library="SeleniumLibrary">
<doc>Verifies that the current URL is exactly ``url``.</doc>
<arguments>
<arg>${ADDPAGE}</arg>
</arguments>
<msg timestamp="20200317 22:18:21.230" level="INFO">Current location is 'http://10.199.66.227/SoftEn2020/Sec02/SEP/addlistForm.php'.</msg>
<status status="PASS" starttime="20200317 22:18:21.227" endtime="20200317 22:18:21.230"></status>
</kw>
<status status="PASS" starttime="20200317 22:18:20.083" endtime="20200317 22:18:21.231" critical="yes"></status>
</test>
<test id="s1-t12" name="Short ID">
<kw name="Go To" library="SeleniumLibrary">
<doc>Navigates the current browser window to the provided ``url``.</doc>
<arguments>
<arg>${SERVER}</arg>
</arguments>
<msg timestamp="20200317 22:18:21.232" level="INFO">Opening url 'http://10.199.66.227/SoftEn2020/Sec02/SEP/index.php'</msg>
<status status="PASS" starttime="20200317 22:18:21.232" endtime="20200317 22:18:21.443"></status>
</kw>
<kw name="Click Element" library="SeleniumLibrary">
<doc>Click the element identified by ``locator``.</doc>
<arguments>
<arg>${ADDBUTTON}</arg>
</arguments>
<msg timestamp="20200317 22:18:21.444" level="INFO">Clicking element 'xpath://*[@id="Add"]'.</msg>
<status status="PASS" starttime="20200317 22:18:21.444" endtime="20200317 22:18:21.586"></status>
</kw>
<kw name="Input Text" library="SeleniumLibrary">
<doc>Types the given ``text`` into the text field identified by ``locator``.</doc>
<arguments>
<arg>${ID}</arg>
<arg>5902100</arg>
</arguments>
<msg timestamp="20200317 22:18:21.587" level="INFO">Typing text '5902100' into text field 'PID'.</msg>
<status status="PASS" starttime="20200317 22:18:21.586" endtime="20200317 22:18:21.693"></status>
</kw>
<kw name="Input Text" library="SeleniumLibrary">
<doc>Types the given ``text`` into the text field identified by ``locator``.</doc>
<arguments>
<arg>${PNAME}</arg>
<arg>ระบบเครือข่ายคอมพิวเตอร์</arg>
</arguments>
<msg timestamp="20200317 22:18:21.694" level="INFO">Typing text 'ระบบเครือข่ายคอมพิวเตอร์' into text field 'PNAME'.</msg>
<status status="PASS" starttime="20200317 22:18:21.694" endtime="20200317 22:18:21.843"></status>
</kw>
<kw name="Select From List By Value" library="SeleniumLibrary">
<doc>Selects options from selection list ``locator`` by ``values``.</doc>
<arguments>
<arg>${PTYPE}</arg>
<arg>ครุภัณฑ์คอมพิวเตอร์</arg>
</arguments>
<msg timestamp="20200317 22:18:21.844" level="INFO">Selecting options from selection list 'PTYPE' by value ครุภัณฑ์คอมพิวเตอร์.</msg>
<status status="PASS" starttime="20200317 22:18:21.844" endtime="20200317 22:18:21.909"></status>
</kw>
<kw name="Input Text" library="SeleniumLibrary">
<doc>Types the given ``text`` into the text field identified by ``locator``.</doc>
<arguments>
<arg>${DETAIL}</arg>
<arg>-</arg>
</arguments>
<msg timestamp="20200317 22:18:21.910" level="INFO">Typing text '-' into text field 'SPEC'.</msg>
<status status="PASS" starttime="20200317 22:18:21.910" endtime="20200317 22:18:21.978"></status>
</kw>
<kw name="Input Text" library="SeleniumLibrary">
<doc>Types the given ``text`` into the text field identified by ``locator``.</doc>
<arguments>
<arg>${LOC}</arg>
<arg>-</arg>
</arguments>
<msg timestamp="20200317 22:18:21.979" level="INFO">Typing text '-' into text field 'LOC'.</msg>
<status status="PASS" starttime="20200317 22:18:21.978" endtime="20200317 22:18:22.046"></status>
</kw>
<kw name="Select From List By Value" library="SeleniumLibrary">
<doc>Selects options from selection list ``locator`` by ``values``.</doc>
<arguments>
<arg>${STATUS}</arg>
<arg>Available</arg>
</arguments>
<msg timestamp="20200317 22:18:22.046" level="INFO">Selecting options from selection list 'PSTATUS' by value Available.</msg>
<status status="PASS" starttime="20200317 22:18:22.046" endtime="20200317 22:18:22.107"></status>
</kw>
<kw name="Input Text" library="SeleniumLibrary">
<doc>Types the given ``text`` into the text field identified by ``locator``.</doc>
<arguments>
<arg>${STAFF}</arg>
<arg>Thanapon</arg>
</arguments>
<msg timestamp="20200317 22:18:22.107" level="INFO">Typing text 'Thanapon' into text field 'STAFF'.</msg>
<status status="PASS" starttime="20200317 22:18:22.107" endtime="20200317 22:18:22.188"></status>
</kw>
<kw name="Click Button" library="SeleniumLibrary">
<doc>Clicks the button identified by ``locator``.</doc>
<arguments>
<arg>${SUBMIT}</arg>
</arguments>
<msg timestamp="20200317 22:18:22.189" level="INFO">Clicking button 'btn'.</msg>
<status status="PASS" starttime="20200317 22:18:22.189" endtime="20200317 22:18:22.257"></status>
</kw>
<kw name="Page Should Contain" library="SeleniumLibrary">
<doc>Verifies that current page contains ``text``.</doc>
<arguments>
<arg>Name should not contain special symbols</arg>
</arguments>
<msg timestamp="20200317 22:18:22.272" level="INFO">Current page contains text 'Name should not contain special symbols'.</msg>
<status status="PASS" starttime="20200317 22:18:22.258" endtime="20200317 22:18:22.273"></status>
</kw>
<kw name="Location Should Be" library="SeleniumLibrary">
<doc>Verifies that the current URL is exactly ``url``.</doc>
<arguments>
<arg>${ADDPAGE}</arg>
</arguments>
<msg timestamp="20200317 22:18:22.280" level="INFO">Current location is 'http://10.199.66.227/SoftEn2020/Sec02/SEP/addlistForm.php'.</msg>
<status status="PASS" starttime="20200317 22:18:22.273" endtime="20200317 22:18:22.280"></status>
</kw>
<status status="PASS" starttime="20200317 22:18:21.232" endtime="20200317 22:18:22.280" critical="yes"></status>
</test>
<test id="s1-t13" name="Empty Name">
<kw name="Go To" library="SeleniumLibrary">
<doc>Navigates the current browser window to the provided ``url``.</doc>
<arguments>
<arg>${SERVER}</arg>
</arguments>
<msg timestamp="20200317 22:18:22.282" level="INFO">Opening url 'http://10.199.66.227/SoftEn2020/Sec02/SEP/index.php'</msg>
<status status="PASS" starttime="20200317 22:18:22.282" endtime="20200317 22:18:22.439"></status>
</kw>
<kw name="Click Element" library="SeleniumLibrary">
<doc>Click the element identified by ``locator``.</doc>
<arguments>
<arg>${ADDBUTTON}</arg>
</arguments>
<msg timestamp="20200317 22:18:22.440" level="INFO">Clicking element 'xpath://*[@id="Add"]'.</msg>
<status status="PASS" starttime="20200317 22:18:22.440" endtime="20200317 22:18:22.578"></status>
</kw>
<kw name="Input Text" library="SeleniumLibrary">
<doc>Types the given ``text`` into the text field identified by ``locator``.</doc>
<arguments>
<arg>${ID}</arg>
<arg>5602100000401</arg>
</arguments>
<msg timestamp="20200317 22:18:22.579" level="INFO">Typing text '5602100000401' into text field 'PID'.</msg>
<status status="PASS" starttime="20200317 22:18:22.579" endtime="20200317 22:18:22.708"></status>
</kw>
<kw name="Select From List By Value" library="SeleniumLibrary">
<doc>Selects options from selection list ``locator`` by ``values``.</doc>
<arguments>
<arg>${PTYPE}</arg>
<arg>ครุภัณฑ์สำนักงาน</arg>
</arguments>
<msg timestamp="20200317 22:18:22.709" level="INFO">Selecting options from selection list 'PTYPE' by value ครุภัณฑ์สำนักงาน.</msg>
<status status="PASS" starttime="20200317 22:18:22.709" endtime="20200317 22:18:22.783"></status>
</kw>
<kw name="Input Text" library="SeleniumLibrary">
<doc>Types the given ``text`` into the text field identified by ``locator``.</doc>
<arguments>
<arg>${DETAIL}</arg>
<arg>Cisco</arg>
</arguments>
<msg timestamp="20200317 22:18:22.784" level="INFO">Typing text 'Cisco' into text field 'SPEC'.</msg>
<status status="PASS" starttime="20200317 22:18:22.783" endtime="20200317 22:18:22.857"></status>
</kw>
<kw name="Input Text" library="SeleniumLibrary">
<doc>Types the given ``text`` into the text field identified by ``locator``.</doc>
<arguments>
<arg>${LOC}</arg>
<arg>-</arg>
</arguments>
<msg timestamp="20200317 22:18:22.858" level="INFO">Typing text '-' into text field 'LOC'.</msg>
<status status="PASS" starttime="20200317 22:18:22.858" endtime="20200317 22:18:22.925"></status>
</kw>
<kw name="Select From List By Value" library="SeleniumLibrary">
<doc>Selects options from selection list ``locator`` by ``values``.</doc>
<arguments>
<arg>${STATUS}</arg>
<arg>Repairing</arg>
</arguments>
<msg timestamp="20200317 22:18:22.926" level="INFO">Selecting options from selection list 'PSTATUS' by value Repairing.</msg>
<status status="PASS" starttime="20200317 22:18:22.925" endtime="20200317 22:18:22.983"></status>
</kw>
<kw name="Input Text" library="SeleniumLibrary">
<doc>Types the given ``text`` into the text field identified by ``locator``.</doc>
<arguments>
<arg>${STAFF}</arg>
<arg>-</arg>
</arguments>
<msg timestamp="20200317 22:18:22.984" level="INFO">Typing text '-' into text field 'STAFF'.</msg>
<status status="PASS" starttime="20200317 22:18:22.984" endtime="20200317 22:18:23.043"></status>
</kw>
<kw name="Click Button" library="SeleniumLibrary">
<doc>Clicks the button identified by ``locator``.</doc>
<arguments>
<arg>${SUBMIT}</arg>
</arguments>
<msg timestamp="20200317 22:18:23.043" level="INFO">Clicking button 'btn'.</msg>
<status status="PASS" starttime="20200317 22:18:23.043" endtime="20200317 22:18:23.097"></status>
</kw>
<kw name="Alert Should Be Present" library="SeleniumLibrary">
<doc>Verifies that an alert is present and by default, accepts it.</doc>
<arguments>
<arg>Please enter equipment name</arg>
</arguments>
<status status="PASS" starttime="20200317 22:18:23.098" endtime="20200317 22:18:23.105"></status>
</kw>
<kw name="Location Should Be" library="SeleniumLibrary">
<doc>Verifies that the current URL is exactly ``url``.</doc>
<arguments>
<arg>${ADDPAGE}</arg>
</arguments>
<msg timestamp="20200317 22:18:23.110" level="INFO">Current location is 'http://10.199.66.227/SoftEn2020/Sec02/SEP/addlistForm.php'.</msg>
<status status="PASS" starttime="20200317 22:18:23.105" endtime="20200317 22:18:23.110"></status>
</kw>
<status status="PASS" starttime="20200317 22:18:22.281" endtime="20200317 22:18:23.110" critical="yes"></status>
</test>
<test id="s1-t14" name="Empty Type">
<kw name="Go To" library="SeleniumLibrary">
<doc>Navigates the current browser window to the provided ``url``.</doc>
<arguments>
<arg>${SERVER}</arg>
</arguments>
<msg timestamp="20200317 22:18:23.112" level="INFO">Opening url 'http://10.199.66.227/SoftEn2020/Sec02/SEP/index.php'</msg>
<status status="PASS" starttime="20200317 22:18:23.112" endtime="20200317 22:18:23.357"></status>
</kw>
<kw name="Click Element" library="SeleniumLibrary">
<doc>Click the element identified by ``locator``.</doc>
<arguments>
<arg>${ADDBUTTON}</arg>
</arguments>
<msg timestamp="20200317 22:18:23.358" level="INFO">Clicking element 'xpath://*[@id="Add"]'.</msg>
<status status="PASS" starttime="20200317 22:18:23.358" endtime="20200317 22:18:23.528"></status>
</kw>
<kw name="Input Text" library="SeleniumLibrary">
<doc>Types the given ``text`` into the text field identified by ``locator``.</doc>
<arguments>
<arg>${ID}</arg>
<arg>5602100000402</arg>
</arguments>
<msg timestamp="20200317 22:18:23.530" level="INFO">Typing text '5602100000402' into text field 'PID'.</msg>
<status status="PASS" starttime="20200317 22:18:23.529" endtime="20200317 22:18:23.671"></status>
</kw>
<kw name="Input Text" library="SeleniumLibrary">
<doc>Types the given ``text`` into the text field identified by ``locator``.</doc>
<arguments>
<arg>${PNAME}</arg>
<arg>เครื่องทำลายเอกสาร</arg>
</arguments>
<msg timestamp="20200317 22:18:23.673" level="INFO">Typing text 'เครื่องทำลายเอกสาร' into text field 'PNAME'.</msg>
<status status="PASS" starttime="20200317 22:18:23.672" endtime="20200317 22:18:23.815"></status>
</kw>
<kw name="Input Text" library="SeleniumLibrary">
<doc>Types the given ``text`` into the text field identified by ``locator``.</doc>
<arguments>
<arg>${DETAIL}</arg>
<arg>IDEAL 3104</arg>
</arguments>
<msg timestamp="20200317 22:18:23.816" level="INFO">Typing text 'IDEAL 3104' into text field 'SPEC'.</msg>
<status status="PASS" starttime="20200317 22:18:23.815" endtime="20200317 22:18:23.906"></status>
</kw>
<kw name="Input Text" library="SeleniumLibrary">
<doc>Types the given ``text`` into the text field identified by ``locator``.</doc>
<arguments>
<arg>${LOC}</arg>
<arg>SC6301</arg>
</arguments>
<msg timestamp="20200317 22:18:23.907" level="INFO">Typing text 'SC6301' into text field 'LOC'.</msg>
<status status="PASS" starttime="20200317 22:18:23.907" endtime="20200317 22:18:24.003"></status>
</kw>
<kw name="Select From List By Value" library="SeleniumLibrary">
<doc>Selects options from selection list ``locator`` by ``values``.</doc>
<arguments>
<arg>${STATUS}</arg>
<arg>Unavailable</arg>
</arguments>
<msg timestamp="20200317 22:18:24.004" level="INFO">Selecting options from selection list 'PSTATUS' by value Unavailable.</msg>
<status status="PASS" starttime="20200317 22:18:24.003" endtime="20200317 22:18:24.073"></status>
</kw>
<kw name="Input Text" library="SeleniumLibrary">
<doc>Types the given ``text`` into the text field identified by ``locator``.</doc>
<arguments>
<arg>${STAFF}</arg>
<arg>-</arg>
</arguments>
<msg timestamp="20200317 22:18:24.073" level="INFO">Typing text '-' into text field 'STAFF'.</msg>
<status status="PASS" starttime="20200317 22:18:24.073" endtime="20200317 22:18:24.141"></status>
</kw>
<kw name="Click Button" library="SeleniumLibrary">
<doc>Clicks the button identified by ``locator``.</doc>
<arguments>
<arg>${SUBMIT}</arg>
</arguments>
<msg timestamp="20200317 22:18:24.142" level="INFO">Clicking button 'btn'.</msg>
<status status="PASS" starttime="20200317 22:18:24.142" endtime="20200317 22:18:24.218"></status>
</kw>
<kw name="Alert Should Be Present" library="SeleniumLibrary">
<doc>Verifies that an alert is present and by default, accepts it.</doc>
<arguments>
<arg>Please select equipment type</arg>
</arguments>
<status status="PASS" starttime="20200317 22:18:24.219" endtime="20200317 22:18:24.225"></status>
</kw>
<kw name="Location Should Be" library="SeleniumLibrary">
<doc>Verifies that the current URL is exactly ``url``.</doc>
<arguments>
<arg>${ADDPAGE}</arg>
</arguments>
<msg timestamp="20200317 22:18:24.230" level="INFO">Current location is 'http://10.199.66.227/SoftEn2020/Sec02/SEP/addlistForm.php'.</msg>
<status status="PASS" starttime="20200317 22:18:24.226" endtime="20200317 22:18:24.230"></status>
</kw>
<status status="PASS" starttime="20200317 22:18:23.111" endtime="20200317 22:18:24.230" critical="yes"></status>
</test>
<test id="s1-t15" name="Empty Description">
<kw name="Go To" library="SeleniumLibrary">
<doc>Navigates the current browser window to the provided ``url``.</doc>
<arguments>
<arg>${SERVER}</arg>
</arguments>
<msg timestamp="20200317 22:18:24.232" level="INFO">Opening url 'http://10.199.66.227/SoftEn2020/Sec02/SEP/index.php'</msg>
<status status="PASS" starttime="20200317 22:18:24.232" endtime="20200317 22:18:25.029"></status>
</kw>
<kw name="Click Element" library="SeleniumLibrary">
<doc>Click the element identified by ``locator``.</doc>
<arguments>
<arg>${ADDBUTTON}</arg>
</arguments>
<msg timestamp="20200317 22:18:25.030" level="INFO">Clicking element 'xpath://*[@id="Add"]'.</msg>
<status status="PASS" starttime="20200317 22:18:25.029" endtime="20200317 22:18:25.200"></status>
</kw>
<kw name="Input Text" library="SeleniumLibrary">
<doc>Types the given ``text`` into the text field identified by ``locator``.</doc>
<arguments>
<arg>${ID}</arg>
<arg>5602100000403</arg>
</arguments>
<msg timestamp="20200317 22:18:25.201" level="INFO">Typing text '5602100000403' into text field 'PID'.</msg>
<status status="PASS" starttime="20200317 22:18:25.201" endtime="20200317 22:18:25.302"></status>
</kw>
<kw name="Input Text" library="SeleniumLibrary">
<doc>Types the given ``text`` into the text field identified by ``locator``.</doc>
<arguments>
<arg>${PNAME}</arg>
<arg>คอมพิวเตอร์สมรรถนะสูงสำหรับงานวิจัยด้าน IT</arg>
</arguments>
<msg timestamp="20200317 22:18:25.303" level="INFO">Typing text 'คอมพิวเตอร์สมรรถนะสูงสำหรับงานวิจัยด้าน IT' into text field 'PNAME'.</msg>
<status status="PASS" starttime="20200317 22:18:25.303" endtime="20200317 22:18:25.487"></status>
</kw>
<kw name="Select From List By Value" library="SeleniumLibrary">
<doc>Selects options from selection list ``locator`` by ``values``.</doc>
<arguments>
<arg>${PTYPE}</arg>
<arg>ครุภัณฑ์คอมพิวเตอร์</arg>
</arguments>
<msg timestamp="20200317 22:18:25.487" level="INFO">Selecting options from selection list 'PTYPE' by value ครุภัณฑ์คอมพิวเตอร์.</msg>
<status status="PASS" starttime="20200317 22:18:25.487" endtime="20200317 22:18:25.541"></status>
</kw>
<kw name="Input Text" library="SeleniumLibrary">
<doc>Types the given ``text`` into the text field identified by ``locator``.</doc>
<arguments>
<arg>${LOC}</arg>
<arg>-</arg>
</arguments>
<msg timestamp="20200317 22:18:25.543" level="INFO">Typing text '-' into text field 'LOC'.</msg>
<status status="PASS" starttime="20200317 22:18:25.543" endtime="20200317 22:18:25.603"></status>
</kw>
<kw name="Select From List By Value" library="SeleniumLibrary">
<doc>Selects options from selection list ``locator`` by ``values``.</doc>
<arguments>
<arg>${STATUS}</arg>
<arg>Repairing</arg>
</arguments>
<msg timestamp="20200317 22:18:25.603" level="INFO">Selecting options from selection list 'PSTATUS' by value Repairing.</msg>
<status status="PASS" starttime="20200317 22:18:25.603" endtime="20200317 22:18:25.664"></status>
</kw>
<kw name="Input Text" library="SeleniumLibrary">
<doc>Types the given ``text`` into the text field identified by ``locator``.</doc>
<arguments>
<arg>${STAFF}</arg>
<arg>-</arg>
</arguments>
<msg timestamp="20200317 22:18:25.665" level="INFO">Typing text '-' into text field 'STAFF'.</msg>
<status status="PASS" starttime="20200317 22:18:25.665" endtime="20200317 22:18:25.727"></status>
</kw>
<kw name="Click Button" library="SeleniumLibrary">
<doc>Clicks the button identified by ``locator``.</doc>
<arguments>
<arg>${SUBMIT}</arg>
</arguments>
<msg timestamp="20200317 22:18:25.728" level="INFO">Clicking button 'btn'.</msg>
<status status="PASS" starttime="20200317 22:18:25.728" endtime="20200317 22:18:25.795"></status>
</kw>
<kw name="Alert Should Be Present" library="SeleniumLibrary">
<doc>Verifies that an alert is present and by default, accepts it.</doc>
<arguments>
<arg>Please enter equipment description</arg>
</arguments>
<status status="PASS" starttime="20200317 22:18:25.797" endtime="20200317 22:18:25.803"></status>
</kw>
<kw name="Location Should Be" library="SeleniumLibrary">
<doc>Verifies that the current URL is exactly ``url``.</doc>
<arguments>
<arg>${ADDPAGE}</arg>
</arguments>
<msg timestamp="20200317 22:18:25.808" level="INFO">Current location is 'http://10.199.66.227/SoftEn2020/Sec02/SEP/addlistForm.php'.</msg>
<status status="PASS" starttime="20200317 22:18:25.803" endtime="20200317 22:18:25.808"></status>
</kw>
<status status="PASS" starttime="20200317 22:18:24.232" endtime="20200317 22:18:25.809" critical="yes"></status>
</test>
<test id="s1-t16" name="Empty Location">
<kw name="Go To" library="SeleniumLibrary">
<doc>Navigates the current browser window to the provided ``url``.</doc>
<arguments>
<arg>${SERVER}</arg>
</arguments>
<msg timestamp="20200317 22:18:25.814" level="INFO">Opening url 'http://10.199.66.227/SoftEn2020/Sec02/SEP/index.php'</msg>
<status status="PASS" starttime="20200317 22:18:25.814" endtime="20200317 22:18:27.552"></status>
</kw>
<kw name="Click Element" library="SeleniumLibrary">
<doc>Click the element identified by ``locator``.</doc>
<arguments>
<arg>${ADDBUTTON}</arg>
</arguments>
<msg timestamp="20200317 22:18:27.553" level="INFO">Clicking element 'xpath://*[@id="Add"]'.</msg>
<status status="PASS" starttime="20200317 22:18:27.553" endtime="20200317 22:18:27.703"></status>
</kw>
<kw name="Input Text" library="SeleniumLibrary">
<doc>Types the given ``text`` into the text field identified by ``locator``.</doc>
<arguments>
<arg>${ID}</arg>
<arg>5602100000404</arg>
</arguments>
<msg timestamp="20200317 22:18:27.707" level="INFO">Typing text '5602100000404' into text field 'PID'.</msg>
<status status="PASS" starttime="20200317 22:18:27.706" endtime="20200317 22:18:27.841"></status>
</kw>
<kw name="Input Text" library="SeleniumLibrary">
<doc>Types the given ``text`` into the text field identified by ``locator``.</doc>
<arguments>
<arg>${PNAME}</arg>
<arg>ชุดอุปกรณ์สำหรับทำงานด้านวิจัยในวิชาโครงานศึกษา</arg>
</arguments>
<msg timestamp="20200317 22:18:27.841" level="INFO">Typing text 'ชุดอุปกรณ์สำหรับทำงานด้านวิจัยในวิชาโครงานศึกษา' into text field 'PNAME'.</msg>
<status status="PASS" starttime="20200317 22:18:27.841" endtime="20200317 22:18:28.053"></status>
</kw>
<kw name="Select From List By Value" library="SeleniumLibrary">
<doc>Selects options from selection list ``locator`` by ``values``.</doc>
<arguments>
<arg>${PTYPE}</arg>
<arg>ครุภัณฑ์คอมพิวเตอร์</arg>
</arguments>
<msg timestamp="20200317 22:18:28.054" level="INFO">Selecting options from selection list 'PTYPE' by value ครุภัณฑ์คอมพิวเตอร์.</msg>
<status status="PASS" starttime="20200317 22:18:28.054" endtime="20200317 22:18:28.111"></status>
</kw>
<kw name="Input Text" library="SeleniumLibrary">
<doc>Types the given ``text`` into the text field identified by ``locator``.</doc>
<arguments>
<arg>${DETAIL}</arg>
<arg>-</arg>
</arguments>
<msg timestamp="20200317 22:18:28.112" level="INFO">Typing text '-' into text field 'SPEC'.</msg>
<status status="PASS" starttime="20200317 22:18:28.111" endtime="20200317 22:18:28.175"></status>
</kw>
<kw name="Select From List By Value" library="SeleniumLibrary">
<doc>Selects options from selection list ``locator`` by ``values``.</doc>
<arguments>
<arg>${STATUS}</arg>
<arg>Available</arg>
</arguments>
<msg timestamp="20200317 22:18:28.176" level="INFO">Selecting options from selection list 'PSTATUS' by value Available.</msg>
<status status="PASS" starttime="20200317 22:18:28.176" endtime="20200317 22:18:28.240"></status>
</kw>
<kw name="Input Text" library="SeleniumLibrary">
<doc>Types the given ``text`` into the text field identified by ``locator``.</doc>
<arguments>
<arg>${STAFF}</arg>
<arg>-</arg>
</arguments>
<msg timestamp="20200317 22:18:28.241" level="INFO">Typing text '-' into text field 'STAFF'.</msg>
<status status="PASS" starttime="20200317 22:18:28.240" endtime="20200317 22:18:28.301"></status>
</kw>
<kw name="Click Button" library="SeleniumLibrary">
<doc>Clicks the button identified by ``locator``.</doc>
<arguments>
<arg>${SUBMIT}</arg>
</arguments>
<msg timestamp="20200317 22:18:28.302" level="INFO">Clicking button 'btn'.</msg>
<status status="PASS" starttime="20200317 22:18:28.302" endtime="20200317 22:18:28.364"></status>
</kw>
<kw name="Alert Should Be Present" library="SeleniumLibrary">
<doc>Verifies that an alert is present and by default, accepts it.</doc>
<arguments>
<arg>Please enter location of the equipment</arg>
</arguments>
<status status="PASS" starttime="20200317 22:18:28.365" endtime="20200317 22:18:28.369"></status>
</kw>
<kw name="Location Should Be" library="SeleniumLibrary">
<doc>Verifies that the current URL is exactly ``url``.</doc>
<arguments>
<arg>${ADDPAGE}</arg>
</arguments>
<msg timestamp="20200317 22:18:28.374" level="INFO">Current location is 'http://10.199.66.227/SoftEn2020/Sec02/SEP/addlistForm.php'.</msg>
<status status="PASS" starttime="20200317 22:18:28.369" endtime="20200317 22:18:28.374"></status>
</kw>
<status status="PASS" starttime="20200317 22:18:25.813" endtime="20200317 22:18:28.375" critical="yes"></status>
</test>
<test id="s1-t17" name="Empty Status">
<kw name="Go To" library="SeleniumLibrary">
<doc>Navigates the current browser window to the provided ``url``.</doc>
<arguments>
<arg>${SERVER}</arg>
</arguments>
<msg timestamp="20200317 22:18:28.377" level="INFO">Opening url 'http://10.199.66.227/SoftEn2020/Sec02/SEP/index.php'</msg>
<status status="PASS" starttime="20200317 22:18:28.377" endtime="20200317 22:18:28.568"></status>
</kw>
<kw name="Click Element" library="SeleniumLibrary">
<doc>Click the element identified by ``locator``.</doc>
<arguments>
<arg>${ADDBUTTON}</arg>
</arguments>
<msg timestamp="20200317 22:18:28.568" level="INFO">Clicking element 'xpath://*[@id="Add"]'.</msg>
<status status="PASS" starttime="20200317 22:18:28.568" endtime="20200317 22:18:28.790"></status>
</kw>
<kw name="Input Text" library="SeleniumLibrary">
<doc>Types the given ``text`` into the text field identified by ``locator``.</doc>
<arguments>
<arg>${ID}</arg>
<arg>5602100000405</arg>
</arguments>
<msg timestamp="20200317 22:18:28.791" level="INFO">Typing text '5602100000405' into text field 'PID'.</msg>
<status status="PASS" starttime="20200317 22:18:28.790" endtime="20200317 22:18:28.892"></status>
</kw>
<kw name="Input Text" library="SeleniumLibrary">
<doc>Types the given ``text`` into the text field identified by ``locator``.</doc>
<arguments>
<arg>${PNAME}</arg>
<arg>ชุดอุปกรณ์สำหรับทำงานด้านวิจัยในวิชาโครงานศึกษา</arg>
</arguments>
<msg timestamp="20200317 22:18:28.893" level="INFO">Typing text 'ชุดอุปกรณ์สำหรับทำงานด้านวิจัยในวิชาโครงานศึกษา' into text field 'PNAME'.</msg>
<status status="PASS" starttime="20200317 22:18:28.893" endtime="20200317 22:18:29.109"></status>
</kw>
<kw name="Select From List By Value" library="SeleniumLibrary">
<doc>Selects options from selection list ``locator`` by ``values``.</doc>
<arguments>
<arg>${PTYPE}</arg>
<arg>ครุภัณฑ์คอมพิวเตอร์</arg>
</arguments>
<msg timestamp="20200317 22:18:29.110" level="INFO">Selecting options from selection list 'PTYPE' by value ครุภัณฑ์คอมพิวเตอร์.</msg>
<status status="PASS" starttime="20200317 22:18:29.110" endtime="20200317 22:18:29.168"></status>
</kw>
<kw name="Input Text" library="SeleniumLibrary">
<doc>Types the given ``text`` into the text field identified by ``locator``.</doc>
<arguments>
<arg>${DETAIL}</arg>
<arg>-</arg>
</arguments>
<msg timestamp="20200317 22:18:29.168" level="INFO">Typing text '-' into text field 'SPEC'.</msg>
<status status="PASS" starttime="20200317 22:18:29.168" endtime="20200317 22:18:29.240"></status>
</kw>
<kw name="Input Text" library="SeleniumLibrary">
<doc>Types the given ``text`` into the text field identified by ``locator``.</doc>
<arguments>
<arg>${LOC}</arg>
<arg>-</arg>
</arguments>
<msg timestamp="20200317 22:18:29.241" level="INFO">Typing text '-' into text field 'LOC'.</msg>
<status status="PASS" starttime="20200317 22:18:29.241" endtime="20200317 22:18:29.308"></status>
</kw>
<kw name="Input Text" library="SeleniumLibrary">
<doc>Types the given ``text`` into the text field identified by ``locator``.</doc>
<arguments>
<arg>${BORDATE}</arg>
<arg>20/02/2020</arg>
</arguments>
<msg timestamp="20200317 22:18:29.308" level="INFO">Typing text '20/02/2020' into text field 'BDATE'.</msg>
<status status="PASS" starttime="20200317 22:18:29.308" endtime="20200317 22:18:29.400"></status>
</kw>
<kw name="Input Text" library="SeleniumLibrary">
<doc>Types the given ``text`` into the text field identified by ``locator``.</doc>
<arguments>
<arg>${REDATE}</arg>
<arg>03/03/2020</arg>
</arguments>
<msg timestamp="20200317 22:18:29.401" level="INFO">Typing text '03/03/2020' into text field 'RDATE'.</msg>
<status status="PASS" starttime="20200317 22:18:29.400" endtime="20200317 22:18:29.494"></status>
</kw>
<kw name="Input Text" library="SeleniumLibrary">
<doc>Types the given ``text`` into the text field identified by ``locator``.</doc>
<arguments>
<arg>${STAFF}</arg>
<arg>Thanapon</arg>
</arguments>
<msg timestamp="20200317 22:18:29.495" level="INFO">Typing text 'Thanapon' into text field 'STAFF'.</msg>
<status status="PASS" starttime="20200317 22:18:29.495" endtime="20200317 22:18:29.578"></status>
</kw>
<kw name="Click Button" library="SeleniumLibrary">
<doc>Clicks the button identified by ``locator``.</doc>
<arguments>
<arg>${SUBMIT}</arg>
</arguments>
<msg timestamp="20200317 22:18:29.579" level="INFO">Clicking button 'btn'.</msg>
<status status="PASS" starttime="20200317 22:18:29.579" endtime="20200317 22:18:29.633"></status>
</kw>
<kw name="Alert Should Be Present" library="SeleniumLibrary">
<doc>Verifies that an alert is present and by default, accepts it.</doc>
<arguments>
<arg>Please select equipment status</arg>
[...]
</kw>
<kw name="Click Button" library="SeleniumLibrary">
<doc>Clicks the button identified by ``locator``.</doc>
<arguments>
<arg>${SUBMIT}</arg>
</arguments>
<msg timestamp="20200317 22:18:33.091" level="INFO">Clicking button 'btn'.</msg>
<status status="PASS" starttime="20200317 22:18:33.091" endtime="20200317 22:18:33.155"></status>
</kw>
<kw name="Page Should Contain" library="SeleniumLibrary">
<doc>Verifies that current page contains ``text``.</doc>
<arguments>
<arg>Please enter a valid due date ( ex. 02/02/2020 )</arg>
</arguments>
<msg timestamp="20200317 22:18:33.178" level="INFO">Current page contains text 'Please enter a valid due date ( ex. 02/02/2020 )'.</msg>
<status status="PASS" starttime="20200317 22:18:33.156" endtime="20200317 22:18:33.178"></status>
</kw>
<kw name="Location Should Be" library="SeleniumLibrary">
<doc>Verifies that the current URL is exactly ``url``.</doc>
<arguments>
<arg>${ADDPAGE}</arg>
</arguments>
<msg timestamp="20200317 22:18:33.183" level="INFO">Current location is 'http://10.199.66.227/SoftEn2020/Sec02/SEP/addlistForm.php'.</msg>
<status status="PASS" starttime="20200317 22:18:33.179" endtime="20200317 22:18:33.183"></status>
</kw>
<status status="PASS" starttime="20200317 22:18:32.017" endtime="20200317 22:18:33.183" critical="yes"></status>
</test>
<test id="s1-t21" name="Invalid Return Date #2">
<kw name="Go To" library="SeleniumLibrary">
<doc>Navigates the current browser window to the provided ``url``.</doc>
<arguments>
<arg>${SERVER}</arg>
</arguments>
<msg timestamp="20200317 22:18:33.185" level="INFO">Opening url 'http://10.199.66.227/SoftEn2020/Sec02/SEP/index.php'</msg>
<status status="PASS" starttime="20200317 22:18:33.185" endtime="20200317 22:18:33.344"></status>
</kw>
<kw name="Click Element" library="SeleniumLibrary">
<doc>Click the element identified by ``locator``.</doc>
<arguments>
<arg>${ADDBUTTON}</arg>
</arguments>
<msg timestamp="20200317 22:18:33.346" level="INFO">Clicking element 'xpath://*[@id="Add"]'.</msg>
<status status="PASS" starttime="20200317 22:18:33.345" endtime="20200317 22:18:33.501"></status>
</kw>
<kw name="Input Text" library="SeleniumLibrary">
<doc>Types the given ``text`` into the text field identified by ``locator``.</doc>
<arguments>
<arg>${ID}</arg>
<arg>5602100000413</arg>
</arguments>
<msg timestamp="20200317 22:18:33.502" level="INFO">Typing text '5602100000413' into text field 'PID'.</msg>
<status status="PASS" starttime="20200317 22:18:33.502" endtime="20200317 22:18:33.610"></status>
</kw>
<kw name="Input Text" library="SeleniumLibrary">
<doc>Types the given ``text`` into the text field identified by ``locator``.</doc>
<arguments>
<arg>${PNAME}</arg>
<arg>ระบบเครือข่ายคอมพิวเตอร์</arg>
</arguments>
<msg timestamp="20200317 22:18:33.611" level="INFO">Typing text 'ระบบเครือข่ายคอมพิวเตอร์' into text field 'PNAME'.</msg>
<status status="PASS" starttime="20200317 22:18:33.611" endtime="20200317 22:18:33.731"></status>
</kw>
<kw name="Select From List By Value" library="SeleniumLibrary">
<doc>Selects options from selection list ``locator`` by ``values``.</doc>
<arguments>
<arg>${PTYPE}</arg>
<arg>ครุภัณฑ์คอมพิวเตอร์</arg>
</arguments>
<msg timestamp="20200317 22:18:33.732" level="INFO">Selecting options from selection list 'PTYPE' by value ครุภัณฑ์คอมพิวเตอร์.</msg>
<status status="PASS" starttime="20200317 22:18:33.731" endtime="20200317 22:18:33.793"></status>
</kw>
<kw name="Input Text" library="SeleniumLibrary">
<doc>Types the given ``text`` into the text field identified by ``locator``.</doc>
<arguments>
<arg>${DETAIL}</arg>
<arg>-</arg>
</arguments>
<msg timestamp="20200317 22:18:33.794" level="INFO">Typing text '-' into text field 'SPEC'.</msg>
<status status="PASS" starttime="20200317 22:18:33.794" endtime="20200317 22:18:33.857"></status>
</kw>
<kw name="Input Text" library="SeleniumLibrary">
<doc>Types the given ``text`` into the text field identified by ``locator``.</doc>
<arguments>
<arg>${LOC}</arg>
<arg>SC6301</arg>
</arguments>
<msg timestamp="20200317 22:18:33.858" level="INFO">Typing text 'SC6301' into text field 'LOC'.</msg>
<status status="PASS" starttime="20200317 22:18:33.858" endtime="20200317 22:18:33.938"></status>
</kw>
<kw name="Select From List By Value" library="SeleniumLibrary">
<doc>Selects options from selection list ``locator`` by ``values``.</doc>
<arguments>
<arg>${STATUS}</arg>
<arg>Borrowed</arg>
</arguments>
<msg timestamp="20200317 22:18:33.939" level="INFO">Selecting options from selection list 'PSTATUS' by value Borrowed.</msg>
<status status="PASS" starttime="20200317 22:18:33.938" endtime="20200317 22:18:33.998"></status>
</kw>
<kw name="Input Text" library="SeleniumLibrary">
<doc>Types the given ``text`` into the text field identified by ``locator``.</doc>
<arguments>
<arg>${BORDATE}</arg>
<arg>29/02/2020</arg>
</arguments>
<msg timestamp="20200317 22:18:34.000" level="INFO">Typing text '29/02/2020' into text field 'BDATE'.</msg>
<status status="PASS" starttime="20200317 22:18:33.999" endtime="20200317 22:18:34.086"></status>
</kw>
<kw name="Input Text" library="SeleniumLibrary">
<doc>Types the given ``text`` into the text field identified by ``locator``.</doc>
<arguments>
<arg>${REDATE}</arg>
<arg>sadss_$#!$!@%</arg>
</arguments>
<msg timestamp="20200317 22:18:34.087" level="INFO">Typing text 'sadss_$#!$!@%' into text field 'RDATE'.</msg>
<status status="PASS" starttime="20200317 22:18:34.087" endtime="20200317 22:18:34.198"></status>
</kw>
<kw name="Input Text" library="SeleniumLibrary">
<doc>Types the given ``text`` into the text field identified by ``locator``.</doc>
<arguments>
<arg>${STAFF}</arg>
<arg>Thanapon</arg>
</arguments>
<msg timestamp="20200317 22:18:34.199" level="INFO">Typing text 'Thanapon' into text field 'STAFF'.</msg>
<status status="PASS" starttime="20200317 22:18:34.199" endtime="20200317 22:18:34.282"></status>
</kw>
<kw name="Click Button" library="SeleniumLibrary">
<doc>Clicks the button identified by ``locator``.</doc>
<arguments>
<arg>${SUBMIT}</arg>
</arguments>
<msg timestamp="20200317 22:18:34.283" level="INFO">Clicking button 'btn'.</msg>
<status status="PASS" starttime="20200317 22:18:34.283" endtime="20200317 22:18:34.341"></status>
</kw>
<kw name="Page Should Contain" library="SeleniumLibrary">
<doc>Verifies that current page contains ``text``.</doc>
<arguments>
<arg>Please enter a valid due date ( ex. 02/02/2020 )</arg>
</arguments>
<msg timestamp="20200317 22:18:34.360" level="INFO">Current page contains text 'Please enter a valid due date ( ex. 02/02/2020 )'.</msg>
<status status="PASS" starttime="20200317 22:18:34.341" endtime="20200317 22:18:34.360"></status>
</kw>
<kw name="Location Should Be" library="SeleniumLibrary">
<doc>Verifies that the current URL is exactly ``url``.</doc>
<arguments>
<arg>${ADDPAGE}</arg>
</arguments>
<msg timestamp="20200317 22:18:34.367" level="INFO">Current location is 'http://10.199.66.227/SoftEn2020/Sec02/SEP/addlistForm.php'.</msg>
<status status="PASS" starttime="20200317 22:18:34.361" endtime="20200317 22:18:34.367"></status>
</kw>
<status status="PASS" starttime="20200317 22:18:33.185" endtime="20200317 22:18:34.367" critical="yes"></status>
</test>
<test id="s1-t22" name="Empty Staff">
<kw name="Go To" library="SeleniumLibrary">
<doc>Navigates the current browser window to the provided ``url``.</doc>
<arguments>
<arg>${SERVER}</arg>
</arguments>
<msg timestamp="20200317 22:18:34.370" level="INFO">Opening url 'http://10.199.66.227/SoftEn2020/Sec02/SEP/index.php'</msg>
<status status="PASS" starttime="20200317 22:18:34.369" endtime="20200317 22:18:34.547"></status>
</kw>
<kw name="Click Element" library="SeleniumLibrary">
<doc>Click the element identified by ``locator``.</doc>
<arguments>
<arg>${ADDBUTTON}</arg>
</arguments>
<msg timestamp="20200317 22:18:34.548" level="INFO">Clicking element 'xpath://*[@id="Add"]'.</msg>
<status status="PASS" starttime="20200317 22:18:34.547" endtime="20200317 22:18:34.693"></status>
</kw>
<kw name="Input Text" library="SeleniumLibrary">
<doc>Types the given ``text`` into the text field identified by ``locator``.</doc>
<arguments>
<arg>${ID}</arg>
<arg>5602100000408</arg>
</arguments>
<msg timestamp="20200317 22:18:34.694" level="INFO">Typing text '5602100000408' into text field 'PID'.</msg>
<status status="PASS" starttime="20200317 22:18:34.694" endtime="20200317 22:18:34.802"></status>
</kw>
<kw name="Input Text" library="SeleniumLibrary">
<doc>Types the given ``text`` into the text field identified by ``locator``.</doc>
<arguments>
<arg>${PNAME}</arg>
<arg>เครื่องทำลายเอกสาร</arg>
</arguments>
<msg timestamp="20200317 22:18:34.803" level="INFO">Typing text 'เครื่องทำลายเอกสาร' into text field 'PNAME'.</msg>
<status status="PASS" starttime="20200317 22:18:34.803" endtime="20200317 22:18:34.904"></status>
</kw>
<kw name="Select From List By Value" library="SeleniumLibrary">
<doc>Selects options from selection list ``locator`` by ``values``.</doc>
<arguments>
<arg>${PTYPE}</arg>
<arg>ครุภัณฑ์สำนักงาน</arg>
</arguments>
<msg timestamp="20200317 22:18:34.904" level="INFO">Selecting options from selection list 'PTYPE' by value ครุภัณฑ์สำนักงาน.</msg>
<status status="PASS" starttime="20200317 22:18:34.904" endtime="20200317 22:18:34.964"></status>
</kw>
<kw name="Input Text" library="SeleniumLibrary">
<doc>Types the given ``text`` into the text field identified by ``locator``.</doc>
<arguments>
<arg>${DETAIL}</arg>
<arg>IDEAL 3104</arg>
</arguments>
<msg timestamp="20200317 22:18:34.965" level="INFO">Typing text 'IDEAL 3104' into text field 'SPEC'.</msg>
<status status="PASS" starttime="20200317 22:18:34.964" endtime="20200317 22:18:35.048"></status>
</kw>
<kw name="Input Text" library="SeleniumLibrary">
<doc>Types the given ``text`` into the text field identified by ``locator``.</doc>
<arguments>
<arg>${LOC}</arg>
<arg>SC6301</arg>
</arguments>
<msg timestamp="20200317 22:18:35.049" level="INFO">Typing text 'SC6301' into text field 'LOC'.</msg>
<status status="PASS" starttime="20200317 22:18:35.048" endtime="20200317 22:18:35.123"></status>
</kw>
<kw name="Select From List By Value" library="SeleniumLibrary">
<doc>Selects options from selection list ``locator`` by ``values``.</doc>
<arguments>
<arg>${STATUS}</arg>
<arg>Unavailable</arg>
</arguments>
<msg timestamp="20200317 22:18:35.123" level="INFO">Selecting options from selection list 'PSTATUS' by value Unavailable.</msg>
<status status="PASS" starttime="20200317 22:18:35.123" endtime="20200317 22:18:35.181"></status>
</kw>
<kw name="Click Button" library="SeleniumLibrary">
<doc>Clicks the button identified by ``locator``.</doc>
<arguments>
<arg>${SUBMIT}</arg>
</arguments>
<msg timestamp="20200317 22:18:35.182" level="INFO">Clicking button 'btn'.</msg>
<status status="PASS" starttime="20200317 22:18:35.181" endtime="20200317 22:18:35.236"></status>
</kw>
<kw name="Alert Should Be Present" library="SeleniumLibrary">
<doc>Verifies that an alert is present and by default, accepts it.</doc>
<arguments>
<arg>Please enter person in charge name</arg>
</arguments>
<status status="PASS" starttime="20200317 22:18:35.237" endtime="20200317 22:18:35.243"></status>
</kw>
<kw name="Location Should Be" library="SeleniumLibrary">
<doc>Verifies that the current URL is exactly ``url``.</doc>
<arguments>
<arg>${ADDPAGE}</arg>
</arguments>
<msg timestamp="20200317 22:18:35.249" level="INFO">Current location is 'http://10.199.66.227/SoftEn2020/Sec02/SEP/addlistForm.php'.</msg>
<status status="PASS" starttime="20200317 22:18:35.243" endtime="20200317 22:18:35.249"></status>
</kw>
<status status="PASS" starttime="20200317 22:18:34.369" endtime="20200317 22:18:35.249" critical="yes"></status>
</test>
<test id="s1-t23" name="Invalid Staff">
<kw name="Go To" library="SeleniumLibrary">
<doc>Navigates the current browser window to the provided ``url``.</doc>
<arguments>
<arg>${SERVER}</arg>
</arguments>
<msg timestamp="20200317 22:18:35.251" level="INFO">Opening url 'http://10.199.66.227/SoftEn2020/Sec02/SEP/index.php'</msg>
<status status="PASS" starttime="20200317 22:18:35.251" endtime="20200317 22:18:35.500"></status>
</kw>
<kw name="Click Element" library="SeleniumLibrary">
<doc>Click the element identified by ``locator``.</doc>
<arguments>
<arg>${ADDBUTTON}</arg>
</arguments>
<msg timestamp="20200317 22:18:35.501" level="INFO">Clicking element 'xpath://*[@id="Add"]'.</msg>
<status status="PASS" starttime="20200317 22:18:35.501" endtime="20200317 22:18:35.650"></status>
</kw>
<kw name="Input Text" library="SeleniumLibrary">
<doc>Types the given ``text`` into the text field identified by ``locator``.</doc>
<arguments>
<arg>${ID}</arg>
<arg>5602100000400</arg>
</arguments>
<msg timestamp="20200317 22:18:35.651" level="INFO">Typing text '5602100000400' into text field 'PID'.</msg>
<status status="PASS" starttime="20200317 22:18:35.651" endtime="20200317 22:18:35.758"></status>
</kw>
<kw name="Input Text" library="SeleniumLibrary">
<doc>Types the given ``text`` into the text field identified by ``locator``.</doc>
<arguments>
<arg>${PNAME}</arg>
<arg>ระบบเครือข่ายคอมพิวเตอร์</arg>
</arguments>
<msg timestamp="20200317 22:18:35.759" level="INFO">Typing text 'ระบบเครือข่ายคอมพิวเตอร์' into text field 'PNAME'.</msg>
<status status="PASS" starttime="20200317 22:18:35.759" endtime="20200317 22:18:35.888"></status>
</kw>
<kw name="Select From List By Value" library="SeleniumLibrary">
<doc>Selects options from selection list ``locator`` by ``values``.</doc>
<arguments>
<arg>${PTYPE}</arg>
<arg>ครุภัณฑ์คอมพิวเตอร์</arg>
</arguments>
<msg timestamp="20200317 22:18:35.888" level="INFO">Selecting options from selection list 'PTYPE' by value ครุภัณฑ์คอมพิวเตอร์.</msg>
<status status="PASS" starttime="20200317 22:18:35.888" endtime="20200317 22:18:35.948"></status>
</kw>
<kw name="Input Text" library="SeleniumLibrary">
<doc>Types the given ``text`` into the text field identified by ``locator``.</doc>
<arguments>
<arg>${DETAIL}</arg>
<arg>-</arg>
</arguments>
<msg timestamp="20200317 22:18:35.949" level="INFO">Typing text '-' into text field 'SPEC'.</msg>
<status status="PASS" starttime="20200317 22:18:35.948" endtime="20200317 22:18:36.010"></status>
</kw>
<kw name="Input Text" library="SeleniumLibrary">
<doc>Types the given ``text`` into the text field identified by ``locator``.</doc>
<arguments>
<arg>${LOC}</arg>
<arg>SC6301</arg>
</arguments>
<msg timestamp="20200317 22:18:36.011" level="INFO">Typing text 'SC6301' into text field 'LOC'.</msg>
<status status="PASS" starttime="20200317 22:18:36.011" endtime="20200317 22:18:36.092"></status>
</kw>
<kw name="Select From List By Value" library="SeleniumLibrary">
<doc>Selects options from selection list ``locator`` by ``values``.</doc>
<arguments>
<arg>${STATUS}</arg>
<arg>Available</arg>
</arguments>
<msg timestamp="20200317 22:18:36.094" level="INFO">Selecting options from selection list 'PSTATUS' by value Available.</msg>
<status status="PASS" starttime="20200317 22:18:36.093" endtime="20200317 22:18:36.151"></status>
</kw>
<kw name="Input Text" library="SeleniumLibrary">
<doc>Types the given ``text`` into the text field identified by ``locator``.</doc>
<arguments>
<arg>${STAFF}</arg>
<arg>%$!@##$!@#</arg>
</arguments>
<msg timestamp="20200317 22:18:36.152" level="INFO">Typing text '%$!@##$!@#' into text field 'STAFF'.</msg>
<status status="PASS" starttime="20200317 22:18:36.152" endtime="20200317 22:18:36.250"></status>
</kw>
<kw name="Click Button" library="SeleniumLibrary">
<doc>Clicks the button identified by ``locator``.</doc>
<arguments>
<arg>${SUBMIT}</arg>
</arguments>
<msg timestamp="20200317 22:18:36.250" level="INFO">Clicking button 'btn'.</msg>
<status status="PASS" starttime="20200317 22:18:36.250" endtime="20200317 22:18:36.410"></status>
</kw>
<kw name="Alert Should Be Present" library="SeleniumLibrary">
<doc>Verifies that an alert is present and by default, accepts it.</doc>
<arguments>
<arg>Please enter valid staff name</arg>
</arguments>
<kw name="Capture Page Screenshot" library="SeleniumLibrary">
<doc>Takes a screenshot of the current page and embeds it into a log file.</doc>
<msg timestamp="20200317 22:18:36.817" level="INFO" html="yes">&lt;/td&gt;&lt;/tr&gt;&lt;tr&gt;&lt;td colspan="3"&gt;&lt;a href="selenium-screenshot-1.png"&gt;&lt;img src="selenium-screenshot-1.png" width="800px"&gt;&lt;/a&gt;</msg>
<status status="PASS" starttime="20200317 22:18:36.420" endtime="20200317 22:18:36.817"></status>
</kw>
<msg timestamp="20200317 22:18:36.818" level="FAIL">Alert message should have been 'Please enter valid staff name' but it was 'This Id is already exits. Please enter another Id'.</msg>
<status status="FAIL" starttime="20200317 22:18:36.412" endtime="20200317 22:18:36.818"></status>
</kw>
<status status="FAIL" starttime="20200317 22:18:35.251" endtime="20200317 22:18:36.819" critical="yes">Alert message should have been 'Please enter valid staff name' but it was 'This Id is already exits. Please enter another Id'.</status>
</test>
<test id="s1-t24" name="Empty All">
<kw name="Go To" library="SeleniumLibrary">
<doc>Navigates the current browser window to the provided ``url``.</doc>
<arguments>
<arg>${SERVER}</arg>
</arguments>
<msg timestamp="20200317 22:18:36.824" level="INFO">Opening url 'http://10.199.66.227/SoftEn2020/Sec02/SEP/index.php'</msg>
<status status="PASS" starttime="20200317 22:18:36.824" endtime="20200317 22:18:36.958"></status>
</kw>
<kw name="Click Element" library="SeleniumLibrary">
<doc>Click the element identified by ``locator``.</doc>
<arguments>
<arg>${ADDBUTTON}</arg>
</arguments>
<msg timestamp="20200317 22:18:36.959" level="INFO">Clicking element 'xpath://*[@id="Add"]'.</msg>
<status status="PASS" starttime="20200317 22:18:36.959" endtime="20200317 22:18:37.091"></status>
</kw>
<kw name="Click Button" library="SeleniumLibrary">
<doc>Clicks the button identified by ``locator``.</doc>
<arguments>
<arg>${SUBMIT}</arg>
</arguments>
<msg timestamp="20200317 22:18:37.092" level="INFO">Clicking button 'btn'.</msg>
<status status="PASS" starttime="20200317 22:18:37.092" endtime="20200317 22:18:37.155"></status>
</kw>
<kw name="Alert Should Be Present" library="SeleniumLibrary">
<doc>Verifies that an alert is present and by default, accepts it.</doc>
<arguments>
<arg>Please enter equipment detail</arg>
</arguments>
<status status="PASS" starttime="20200317 22:18:37.156" endtime="20200317 22:18:37.162"></status>
</kw>
<kw name="Location Should Be" library="SeleniumLibrary">
<doc>Verifies that the current URL is exactly ``url``.</doc>
<arguments>
<arg>${ADDPAGE}</arg>
</arguments>
<msg timestamp="20200317 22:18:37.168" level="INFO">Current location is 'http://10.199.66.227/SoftEn2020/Sec02/SEP/addlistForm.php'.</msg>
<status status="PASS" starttime="20200317 22:18:37.163" endtime="20200317 22:18:37.168"></status>
</kw>
<kw name="Close Browser" library="SeleniumLibrary">
<doc>Closes the current browser.</doc>
<status status="PASS" starttime="20200317 22:18:37.169" endtime="20200317 22:18:39.248"></status>
</kw>
<status status="PASS" starttime="20200317 22:18:36.823" endtime="20200317 22:18:39.248" critical="yes"></status>
</test>
<status status="FAIL" starttime="20200317 22:17:49.333" endtime="20200317 22:18:39.251"></status>
</suite>
<statistics>
<total>
<stat pass="23" fail="1">Critical Tests</stat>
<stat pass="23" fail="1">All Tests</stat>
</total>
<tag>
</tag>
<suite>
<stat pass="23" fail="1" id="s1" name="Addlist">Addlist</stat>
</suite>
</statistics>
<errors>
</errors>
</robot>
